#
# There is insufficient memory for the Java Runtime Environment to continue.
# Native memory allocation (malloc) failed to allocate 42688 bytes for Chunk::new
# Possible reasons:
#   The system is out of physical RAM or swap space
#   The process is running with CompressedOops enabled, and the Java Heap may be blocking the growth of the native heap
# Possible solutions:
#   Reduce memory load on the system
#   Increase physical memory or swap space
#   Check if swap backing store is full
#   Decrease Java heap size (-Xmx/-Xms)
#   Decrease number of Java threads
#   Decrease Java thread stack sizes (-Xss)
#   Set larger code cache with -XX:ReservedCodeCacheSize=
#   JVM is running with Unscaled Compressed Oops mode in which the Java heap is
#     placed in the first 4GB address space. The Java Heap base address is the
#     maximum limit for the native heap growth. Please use -XX:HeapBaseMinAddress
#     to set the Java Heap base and to place the Java Heap above 4GB virtual address.
# This output file may be truncated or incomplete.
#
#  Out of Memory Error (src/hotspot/share/memory/arena.cpp:197), pid=7208, tid=2732
#
# JRE version: OpenJDK Runtime Environment (11.0.15) (build 11.0.15+0-b2043.56-9505619)
# Java VM: OpenJDK 64-Bit Server VM (11.0.15+0-b2043.56-9505619, mixed mode, tiered, compressed oops, g1 gc, windows-amd64)
# No core dump will be written. Minidumps are not enabled by default on client versions of Windows
#

---------------  S U M M A R Y ------------

Command Line: -Dorg.gradle.appname=gradlew org.gradle.wrapper.GradleWrapperMain -q -Ptarget-platform=android-x64 -Ptarget=G:\Clima-Flutter-Completed\lib\main.dart -Pbase-application-name=android.app.Application -Pdart-defines=Zmx1dHRlci5pbnNwZWN0b3Iuc3RydWN0dXJlZEVycm9ycz10cnVl,RkxVVFRFUl9XRUJfQVVUT19ERVRFQ1Q9dHJ1ZQ==,RkxVVFRFUl9XRUJfQ0FOVkFTS0lUX1VSTD1odHRwczovL3d3dy5nc3RhdGljLmNvbS9mbHV0dGVyLWNhbnZhc2tpdC9jZGJlZGE3ODhhMjkzZmEyOTY2NWRjM2ZhM2Q2ZTYzYmQyMjFjYjBkLw== -Pdart-obfuscation=false -Ptrack-widget-creation=true -Ptree-shake-icons=false -Pfilesystem-scheme=org-dartlang-root assembleDebug

Host: AMD Ryzen 5 4600H with Radeon Graphics         , 12 cores, 7G,  Windows 11 , 64 bit Build 22621 (10.0.22621.2070)
Time: Sat Jul 29 14:53:47 2023 India Standard Time elapsed time: 49.574230 seconds (0d 0h 0m 49s)

---------------  T H R E A D  ---------------

Current thread (0x000001607113b000):  JavaThread "C2 CompilerThread0" daemon [_thread_in_native, id=2732, stack(0x0000002a63100000,0x0000002a63200000)]


Current CompileTask:
C2:  49574 2310   !   4       java.io.BufferedReader::readLine (304 bytes)

Stack: [0x0000002a63100000,0x0000002a63200000]
Native frames: (J=compiled Java code, j=interpreted, Vv=VM code, C=native code)
V  [jvm.dll+0x64135a]
V  [jvm.dll+0x7d39f9]
V  [jvm.dll+0x7d51b9]
V  [jvm.dll+0x7d58a3]
V  [jvm.dll+0x2691c5]
V  [jvm.dll+0xc1a5c]
V  [jvm.dll+0xc200c]
V  [jvm.dll+0xc1b6b]
V  [jvm.dll+0x6a0f9c]
V  [jvm.dll+0x554b94]
V  [jvm.dll+0x53e133]
V  [jvm.dll+0x540892]
V  [jvm.dll+0x549514]
V  [jvm.dll+0x54308a]
V  [jvm.dll+0x546728]
V  [jvm.dll+0x546045]
V  [jvm.dll+0x545f30]
V  [jvm.dll+0x546068]
V  [jvm.dll+0x545f30]
V  [jvm.dll+0x54d2a0]
V  [jvm.dll+0x22a011]
V  [jvm.dll+0x223809]
V  [jvm.dll+0x220384]
V  [jvm.dll+0x19e851]
V  [jvm.dll+0x230479]
V  [jvm.dll+0x22e5ef]
V  [jvm.dll+0x794de1]
V  [jvm.dll+0x78dc24]
V  [jvm.dll+0x6400f6]
C  [ucrtbase.dll+0x29363]
C  [KERNEL32.DLL+0x126ad]
C  [ntdll.dll+0x5aa68]


---------------  P R O C E S S  ---------------

Threads class SMR info:
_java_thread_list=0x0000016072176560, length=12, elements={
0x0000016056e12000, 0x00000160710f5800, 0x0000016071117800, 0x0000016071135000,
0x0000016071138800, 0x0000016071139800, 0x000001607113b000, 0x000001607113c000,
0x000001607113e000, 0x0000016071bf5000, 0x00000160736b4800, 0x00000160733de800
}

Java Threads: ( => current thread )
  0x0000016056e12000 JavaThread "main" [_thread_in_native, id=3372, stack(0x0000002a62500000,0x0000002a62600000)]
  0x00000160710f5800 JavaThread "Reference Handler" daemon [_thread_blocked, id=15688, stack(0x0000002a62c00000,0x0000002a62d00000)]
  0x0000016071117800 JavaThread "Finalizer" daemon [_thread_blocked, id=19260, stack(0x0000002a62d00000,0x0000002a62e00000)]
  0x0000016071135000 JavaThread "Signal Dispatcher" daemon [_thread_blocked, id=14284, stack(0x0000002a62e00000,0x0000002a62f00000)]
  0x0000016071138800 JavaThread "Attach Listener" daemon [_thread_blocked, id=18024, stack(0x0000002a62f00000,0x0000002a63000000)]
  0x0000016071139800 JavaThread "Service Thread" daemon [_thread_blocked, id=18572, stack(0x0000002a63000000,0x0000002a63100000)]
=>0x000001607113b000 JavaThread "C2 CompilerThread0" daemon [_thread_in_native, id=2732, stack(0x0000002a63100000,0x0000002a63200000)]
  0x000001607113c000 JavaThread "C1 CompilerThread0" daemon [_thread_in_native, id=9524, stack(0x0000002a63200000,0x0000002a63300000)]
  0x000001607113e000 JavaThread "Sweeper thread" daemon [_thread_blocked, id=17388, stack(0x0000002a63300000,0x0000002a63400000)]
  0x0000016071bf5000 JavaThread "Common-Cleaner" daemon [_thread_blocked, id=10328, stack(0x0000002a63500000,0x0000002a63600000)]
  0x00000160736b4800 JavaThread "pool-1-thread-1" [_thread_blocked, id=19440, stack(0x0000002a63800000,0x0000002a63900000)]
  0x00000160733de800 JavaThread "DisconnectableInputStream source reader" daemon [_thread_in_native, id=1500, stack(0x0000002a63d00000,0x0000002a63e00000)]

Other Threads:
  0x00000160710f3800 VMThread "VM Thread" [stack: 0x0000002a62b00000,0x0000002a62c00000] [id=11392]
  0x0000016071be6000 WatcherThread [stack: 0x0000002a63400000,0x0000002a63500000] [id=11964]
  0x0000016056e2c800 GCTaskThread "GC Thread#0" [stack: 0x0000002a62600000,0x0000002a62700000] [id=18548]
  0x0000016072062800 GCTaskThread "GC Thread#1" [stack: 0x0000002a63700000,0x0000002a63800000] [id=18340]
  0x00000160733f1800 GCTaskThread "GC Thread#2" [stack: 0x0000002a63600000,0x0000002a63700000] [id=13856]
  0x00000160733ee000 GCTaskThread "GC Thread#3" [stack: 0x0000002a63900000,0x0000002a63a00000] [id=8596]
  0x0000016056e5a800 ConcurrentGCThread "G1 Main Marker" [stack: 0x0000002a62700000,0x0000002a62800000] [id=19272]
  0x0000016056e5c800 ConcurrentGCThread "G1 Conc#0" [stack: 0x0000002a62800000,0x0000002a62900000] [id=7520]
  0x00000160733eb000 ConcurrentGCThread "G1 Conc#1" [stack: 0x0000002a63a00000,0x0000002a63b00000] [id=18480]
  0x00000160733ec800 ConcurrentGCThread "G1 Conc#2" [stack: 0x0000002a63b00000,0x0000002a63c00000] [id=13584]
  0x0000016056ede800 ConcurrentGCThread "G1 Refine#0" [stack: 0x0000002a62900000,0x0000002a62a00000] [id=9368]
  0x0000016070f5d800 ConcurrentGCThread "G1 Young RemSet Sampling" [stack: 0x0000002a62a00000,0x0000002a62b00000] [id=2856]

Threads with active compile tasks:
C2 CompilerThread0    49593 2310   !   4       java.io.BufferedReader::readLine (304 bytes)
C1 CompilerThread0    49593 2329       3       org.gradle.internal.logging.text.AbstractLineChoppingStyledTextOutput$1::execute (130 bytes)

VM state:not at safepoint (normal execution)

VM Mutex/Monitor currently owned by a thread: None

Heap address: 0x000000008a200000, size: 1886 MB, Compressed Oops mode: 32-bit
Narrow klass base: 0x0000000000000000, Narrow klass shift: 3
Compressed class space size: 1073741824 Address: 0x0000000100000000

Heap:
 garbage-first heap   total 120832K, used 19703K [0x000000008a200000, 0x0000000100000000)
  region size 1024K, 17 young (17408K), 9 survivors (9216K)
 Metaspace       used 22284K, capacity 22712K, committed 22912K, reserved 1069056K
  class space    used 2497K, capacity 2654K, committed 2688K, reserved 1048576K
Heap Regions: E=young(eden), S=young(survivor), O=old, HS=humongous(starts), HC=humongous(continues), CS=collection set, F=free, A=archive, TAMS=top-at-mark-start (previous, next)
|   0|0x000000008a200000, 0x000000008a23dc00, 0x000000008a300000| 24%| O|  |TAMS 0x000000008a23dc00, 0x000000008a200000| Untracked 
|   1|0x000000008a300000, 0x000000008a300000, 0x000000008a400000|  0%| F|  |TAMS 0x000000008a300000, 0x000000008a300000| Untracked 
|   2|0x000000008a400000, 0x000000008a400000, 0x000000008a500000|  0%| F|  |TAMS 0x000000008a400000, 0x000000008a400000| Untracked 
|   3|0x000000008a500000, 0x000000008a500000, 0x000000008a600000|  0%| F|  |TAMS 0x000000008a500000, 0x000000008a500000| Untracked 
|   4|0x000000008a600000, 0x000000008a600000, 0x000000008a700000|  0%| F|  |TAMS 0x000000008a600000, 0x000000008a600000| Untracked 
|   5|0x000000008a700000, 0x000000008a700000, 0x000000008a800000|  0%| F|  |TAMS 0x000000008a700000, 0x000000008a700000| Untracked 
|   6|0x000000008a800000, 0x000000008a900000, 0x000000008a900000|100%|HS|  |TAMS 0x000000008a900000, 0x000000008a800000| Complete 
|   7|0x000000008a900000, 0x000000008aa00000, 0x000000008aa00000|100%|HC|  |TAMS 0x000000008aa00000, 0x000000008a900000| Complete 
|   8|0x000000008aa00000, 0x000000008ab00000, 0x000000008ab00000|100%|HC|  |TAMS 0x000000008ab00000, 0x000000008aa00000| Complete 
|   9|0x000000008ab00000, 0x000000008ab00000, 0x000000008ac00000|  0%| F|  |TAMS 0x000000008ab00000, 0x000000008ab00000| Untracked 
|  10|0x000000008ac00000, 0x000000008ac00000, 0x000000008ad00000|  0%| F|  |TAMS 0x000000008ac00000, 0x000000008ac00000| Untracked 
|  11|0x000000008ad00000, 0x000000008ad00000, 0x000000008ae00000|  0%| F|  |TAMS 0x000000008ad00000, 0x000000008ad00000| Untracked 
|  12|0x000000008ae00000, 0x000000008ae00000, 0x000000008af00000|  0%| F|  |TAMS 0x000000008ae00000, 0x000000008ae00000| Untracked 
|  13|0x000000008af00000, 0x000000008af00000, 0x000000008b000000|  0%| F|  |TAMS 0x000000008af00000, 0x000000008af00000| Untracked 
|  14|0x000000008b000000, 0x000000008b000000, 0x000000008b100000|  0%| F|  |TAMS 0x000000008b000000, 0x000000008b000000| Untracked 
|  15|0x000000008b100000, 0x000000008b100000, 0x000000008b200000|  0%| F|  |TAMS 0x000000008b100000, 0x000000008b100000| Untracked 
|  16|0x000000008b200000, 0x000000008b200000, 0x000000008b300000|  0%| F|  |TAMS 0x000000008b200000, 0x000000008b200000| Untracked 
|  17|0x000000008b300000, 0x000000008b300000, 0x000000008b400000|  0%| F|  |TAMS 0x000000008b300000, 0x000000008b300000| Untracked 
|  18|0x000000008b400000, 0x000000008b400000, 0x000000008b500000|  0%| F|  |TAMS 0x000000008b400000, 0x000000008b400000| Untracked 
|  19|0x000000008b500000, 0x000000008b500000, 0x000000008b600000|  0%| F|  |TAMS 0x000000008b500000, 0x000000008b500000| Untracked 
|  20|0x000000008b600000, 0x000000008b600000, 0x000000008b700000|  0%| F|  |TAMS 0x000000008b600000, 0x000000008b600000| Untracked 
|  21|0x000000008b700000, 0x000000008b700000, 0x000000008b800000|  0%| F|  |TAMS 0x000000008b700000, 0x000000008b700000| Untracked 
|  22|0x000000008b800000, 0x000000008b800000, 0x000000008b900000|  0%| F|  |TAMS 0x000000008b800000, 0x000000008b800000| Untracked 
|  23|0x000000008b900000, 0x000000008b900000, 0x000000008ba00000|  0%| F|  |TAMS 0x000000008b900000, 0x000000008b900000| Untracked 
|  24|0x000000008ba00000, 0x000000008ba00000, 0x000000008bb00000|  0%| F|  |TAMS 0x000000008ba00000, 0x000000008ba00000| Untracked 
|  25|0x000000008bb00000, 0x000000008bb00000, 0x000000008bc00000|  0%| F|  |TAMS 0x000000008bb00000, 0x000000008bb00000| Untracked 
|  26|0x000000008bc00000, 0x000000008bc00000, 0x000000008bd00000|  0%| F|  |TAMS 0x000000008bc00000, 0x000000008bc00000| Untracked 
|  27|0x000000008bd00000, 0x000000008bd00000, 0x000000008be00000|  0%| F|  |TAMS 0x000000008bd00000, 0x000000008bd00000| Untracked 
|  28|0x000000008be00000, 0x000000008be00000, 0x000000008bf00000|  0%| F|  |TAMS 0x000000008be00000, 0x000000008be00000| Untracked 
|  29|0x000000008bf00000, 0x000000008bf00000, 0x000000008c000000|  0%| F|  |TAMS 0x000000008bf00000, 0x000000008bf00000| Untracked 
|  30|0x000000008c000000, 0x000000008c000000, 0x000000008c100000|  0%| F|  |TAMS 0x000000008c000000, 0x000000008c000000| Untracked 
|  31|0x000000008c100000, 0x000000008c100000, 0x000000008c200000|  0%| F|  |TAMS 0x000000008c100000, 0x000000008c100000| Untracked 
|  32|0x000000008c200000, 0x000000008c200000, 0x000000008c300000|  0%| F|  |TAMS 0x000000008c200000, 0x000000008c200000| Untracked 
|  33|0x000000008c300000, 0x000000008c300000, 0x000000008c400000|  0%| F|  |TAMS 0x000000008c300000, 0x000000008c300000| Untracked 
|  34|0x000000008c400000, 0x000000008c400000, 0x000000008c500000|  0%| F|  |TAMS 0x000000008c400000, 0x000000008c400000| Untracked 
|  35|0x000000008c500000, 0x000000008c500000, 0x000000008c600000|  0%| F|  |TAMS 0x000000008c500000, 0x000000008c500000| Untracked 
|  36|0x000000008c600000, 0x000000008c600000, 0x000000008c700000|  0%| F|  |TAMS 0x000000008c600000, 0x000000008c600000| Untracked 
|  37|0x000000008c700000, 0x000000008c700000, 0x000000008c800000|  0%| F|  |TAMS 0x000000008c700000, 0x000000008c700000| Untracked 
|  38|0x000000008c800000, 0x000000008c800000, 0x000000008c900000|  0%| F|  |TAMS 0x000000008c800000, 0x000000008c800000| Untracked 
|  39|0x000000008c900000, 0x000000008ca00000, 0x000000008ca00000|100%| S|CS|TAMS 0x000000008c900000, 0x000000008c900000| Complete 
|  40|0x000000008ca00000, 0x000000008cb00000, 0x000000008cb00000|100%| S|CS|TAMS 0x000000008ca00000, 0x000000008ca00000| Complete 
|  41|0x000000008cb00000, 0x000000008cc00000, 0x000000008cc00000|100%| S|CS|TAMS 0x000000008cb00000, 0x000000008cb00000| Complete 
|  42|0x000000008cc00000, 0x000000008cd00000, 0x000000008cd00000|100%| S|CS|TAMS 0x000000008cc00000, 0x000000008cc00000| Complete 
|  43|0x000000008cd00000, 0x000000008ce00000, 0x000000008ce00000|100%| S|CS|TAMS 0x000000008cd00000, 0x000000008cd00000| Complete 
|  44|0x000000008ce00000, 0x000000008ce00000, 0x000000008cf00000|  0%| F|  |TAMS 0x000000008ce00000, 0x000000008ce00000| Untracked 
|  45|0x000000008cf00000, 0x000000008cf00000, 0x000000008d000000|  0%| F|  |TAMS 0x000000008cf00000, 0x000000008cf00000| Untracked 
|  46|0x000000008d000000, 0x000000008d000000, 0x000000008d100000|  0%| F|  |TAMS 0x000000008d000000, 0x000000008d000000| Untracked 
|  47|0x000000008d100000, 0x000000008d100000, 0x000000008d200000|  0%| F|  |TAMS 0x000000008d100000, 0x000000008d100000| Untracked 
|  48|0x000000008d200000, 0x000000008d300000, 0x000000008d300000|100%| S|CS|TAMS 0x000000008d200000, 0x000000008d200000| Complete 
|  49|0x000000008d300000, 0x000000008d400000, 0x000000008d400000|100%| S|CS|TAMS 0x000000008d300000, 0x000000008d300000| Complete 
|  50|0x000000008d400000, 0x000000008d500000, 0x000000008d500000|100%| S|CS|TAMS 0x000000008d400000, 0x000000008d400000| Complete 
|  51|0x000000008d500000, 0x000000008d600000, 0x000000008d600000|100%| S|CS|TAMS 0x000000008d500000, 0x000000008d500000| Complete 
|  52|0x000000008d600000, 0x000000008d600000, 0x000000008d700000|  0%| F|  |TAMS 0x000000008d600000, 0x000000008d600000| Untracked 
|  53|0x000000008d700000, 0x000000008d700000, 0x000000008d800000|  0%| F|  |TAMS 0x000000008d700000, 0x000000008d700000| Untracked 
|  54|0x000000008d800000, 0x000000008d800000, 0x000000008d900000|  0%| F|  |TAMS 0x000000008d800000, 0x000000008d800000| Untracked 
|  55|0x000000008d900000, 0x000000008d900000, 0x000000008da00000|  0%| F|  |TAMS 0x000000008d900000, 0x000000008d900000| Untracked 
|  56|0x000000008da00000, 0x000000008da00000, 0x000000008db00000|  0%| F|  |TAMS 0x000000008da00000, 0x000000008da00000| Untracked 
|  57|0x000000008db00000, 0x000000008db00000, 0x000000008dc00000|  0%| F|  |TAMS 0x000000008db00000, 0x000000008db00000| Untracked 
|  58|0x000000008dc00000, 0x000000008dc00000, 0x000000008dd00000|  0%| F|  |TAMS 0x000000008dc00000, 0x000000008dc00000| Untracked 
|  59|0x000000008dd00000, 0x000000008dd00000, 0x000000008de00000|  0%| F|  |TAMS 0x000000008dd00000, 0x000000008dd00000| Untracked 
|  60|0x000000008de00000, 0x000000008de00000, 0x000000008df00000|  0%| F|  |TAMS 0x000000008de00000, 0x000000008de00000| Untracked 
|  61|0x000000008df00000, 0x000000008df00000, 0x000000008e000000|  0%| F|  |TAMS 0x000000008df00000, 0x000000008df00000| Untracked 
|  62|0x000000008e000000, 0x000000008e000000, 0x000000008e100000|  0%| F|  |TAMS 0x000000008e000000, 0x000000008e000000| Untracked 
|  63|0x000000008e100000, 0x000000008e100000, 0x000000008e200000|  0%| F|  |TAMS 0x000000008e100000, 0x000000008e100000| Untracked 
|  64|0x000000008e200000, 0x000000008e200000, 0x000000008e300000|  0%| F|  |TAMS 0x000000008e200000, 0x000000008e200000| Untracked 
|  65|0x000000008e300000, 0x000000008e300000, 0x000000008e400000|  0%| F|  |TAMS 0x000000008e300000, 0x000000008e300000| Untracked 
|  66|0x000000008e400000, 0x000000008e400000, 0x000000008e500000|  0%| F|  |TAMS 0x000000008e400000, 0x000000008e400000| Untracked 
|  67|0x000000008e500000, 0x000000008e500000, 0x000000008e600000|  0%| F|  |TAMS 0x000000008e500000, 0x000000008e500000| Untracked 
|  68|0x000000008e600000, 0x000000008e600000, 0x000000008e700000|  0%| F|  |TAMS 0x000000008e600000, 0x000000008e600000| Untracked 
|  69|0x000000008e700000, 0x000000008e700000, 0x000000008e800000|  0%| F|  |TAMS 0x000000008e700000, 0x000000008e700000| Untracked 
|  70|0x000000008e800000, 0x000000008e800000, 0x000000008e900000|  0%| F|  |TAMS 0x000000008e800000, 0x000000008e800000| Untracked 
|  71|0x000000008e900000, 0x000000008e900000, 0x000000008ea00000|  0%| F|  |TAMS 0x000000008e900000, 0x000000008e900000| Untracked 
|  72|0x000000008ea00000, 0x000000008ea00000, 0x000000008eb00000|  0%| F|  |TAMS 0x000000008ea00000, 0x000000008ea00000| Untracked 
|  73|0x000000008eb00000, 0x000000008eb00000, 0x000000008ec00000|  0%| F|  |TAMS 0x000000008eb00000, 0x000000008eb00000| Untracked 
|  74|0x000000008ec00000, 0x000000008ec00000, 0x000000008ed00000|  0%| F|  |TAMS 0x000000008ec00000, 0x000000008ec00000| Untracked 
|  75|0x000000008ed00000, 0x000000008ed00000, 0x000000008ee00000|  0%| F|  |TAMS 0x000000008ed00000, 0x000000008ed00000| Untracked 
|  76|0x000000008ee00000, 0x000000008ee00000, 0x000000008ef00000|  0%| F|  |TAMS 0x000000008ee00000, 0x000000008ee00000| Untracked 
|  77|0x000000008ef00000, 0x000000008ef00000, 0x000000008f000000|  0%| F|  |TAMS 0x000000008ef00000, 0x000000008ef00000| Untracked 
|  78|0x000000008f000000, 0x000000008f000000, 0x000000008f100000|  0%| F|  |TAMS 0x000000008f000000, 0x000000008f000000| Untracked 
|  79|0x000000008f100000, 0x000000008f100000, 0x000000008f200000|  0%| F|  |TAMS 0x000000008f100000, 0x000000008f100000| Untracked 
|  80|0x000000008f200000, 0x000000008f200000, 0x000000008f300000|  0%| F|  |TAMS 0x000000008f200000, 0x000000008f200000| Untracked 
|  81|0x000000008f300000, 0x000000008f300000, 0x000000008f400000|  0%| F|  |TAMS 0x000000008f300000, 0x000000008f300000| Untracked 
|  82|0x000000008f400000, 0x000000008f400000, 0x000000008f500000|  0%| F|  |TAMS 0x000000008f400000, 0x000000008f400000| Untracked 
|  83|0x000000008f500000, 0x000000008f500000, 0x000000008f600000|  0%| F|  |TAMS 0x000000008f500000, 0x000000008f500000| Untracked 
|  84|0x000000008f600000, 0x000000008f600000, 0x000000008f700000|  0%| F|  |TAMS 0x000000008f600000, 0x000000008f600000| Untracked 
|  85|0x000000008f700000, 0x000000008f700000, 0x000000008f800000|  0%| F|  |TAMS 0x000000008f700000, 0x000000008f700000| Untracked 
|  86|0x000000008f800000, 0x000000008f800000, 0x000000008f900000|  0%| F|  |TAMS 0x000000008f800000, 0x000000008f800000| Untracked 
|  87|0x000000008f900000, 0x000000008f900000, 0x000000008fa00000|  0%| F|  |TAMS 0x000000008f900000, 0x000000008f900000| Untracked 
|  88|0x000000008fa00000, 0x000000008fa00000, 0x000000008fb00000|  0%| F|  |TAMS 0x000000008fa00000, 0x000000008fa00000| Untracked 
|  89|0x000000008fb00000, 0x000000008fb00000, 0x000000008fc00000|  0%| F|  |TAMS 0x000000008fb00000, 0x000000008fb00000| Untracked 
|  90|0x000000008fc00000, 0x000000008fc00000, 0x000000008fd00000|  0%| F|  |TAMS 0x000000008fc00000, 0x000000008fc00000| Untracked 
|  91|0x000000008fd00000, 0x000000008fd00000, 0x000000008fe00000|  0%| F|  |TAMS 0x000000008fd00000, 0x000000008fd00000| Untracked 
|  92|0x000000008fe00000, 0x000000008fe00000, 0x000000008ff00000|  0%| F|  |TAMS 0x000000008fe00000, 0x000000008fe00000| Untracked 
|  93|0x000000008ff00000, 0x000000008ff00000, 0x0000000090000000|  0%| F|  |TAMS 0x000000008ff00000, 0x000000008ff00000| Untracked 
|  94|0x0000000090000000, 0x0000000090000000, 0x0000000090100000|  0%| F|  |TAMS 0x0000000090000000, 0x0000000090000000| Untracked 
|  95|0x0000000090100000, 0x0000000090100000, 0x0000000090200000|  0%| F|  |TAMS 0x0000000090100000, 0x0000000090100000| Untracked 
|  96|0x0000000090200000, 0x0000000090200000, 0x0000000090300000|  0%| F|  |TAMS 0x0000000090200000, 0x0000000090200000| Untracked 
|  97|0x0000000090300000, 0x0000000090300000, 0x0000000090400000|  0%| F|  |TAMS 0x0000000090300000, 0x0000000090300000| Untracked 
|  98|0x0000000090400000, 0x0000000090400000, 0x0000000090500000|  0%| F|  |TAMS 0x0000000090400000, 0x0000000090400000| Untracked 
|  99|0x0000000090500000, 0x0000000090500000, 0x0000000090600000|  0%| F|  |TAMS 0x0000000090500000, 0x0000000090500000| Untracked 
| 100|0x0000000090600000, 0x0000000090600000, 0x0000000090700000|  0%| F|  |TAMS 0x0000000090600000, 0x0000000090600000| Untracked 
| 101|0x0000000090700000, 0x0000000090700000, 0x0000000090800000|  0%| F|  |TAMS 0x0000000090700000, 0x0000000090700000| Untracked 
| 102|0x0000000090800000, 0x0000000090800000, 0x0000000090900000|  0%| F|  |TAMS 0x0000000090800000, 0x0000000090800000| Untracked 
| 103|0x0000000090900000, 0x0000000090900000, 0x0000000090a00000|  0%| F|  |TAMS 0x0000000090900000, 0x0000000090900000| Untracked 
| 104|0x0000000090a00000, 0x0000000090a00000, 0x0000000090b00000|  0%| F|  |TAMS 0x0000000090a00000, 0x0000000090a00000| Untracked 
| 105|0x0000000090b00000, 0x0000000090b00000, 0x0000000090c00000|  0%| F|  |TAMS 0x0000000090b00000, 0x0000000090b00000| Untracked 
| 106|0x0000000090c00000, 0x0000000090c00000, 0x0000000090d00000|  0%| F|  |TAMS 0x0000000090c00000, 0x0000000090c00000| Untracked 
| 107|0x0000000090d00000, 0x0000000090d00000, 0x0000000090e00000|  0%| F|  |TAMS 0x0000000090d00000, 0x0000000090d00000| Untracked 
| 108|0x0000000090e00000, 0x0000000090e00000, 0x0000000090f00000|  0%| F|  |TAMS 0x0000000090e00000, 0x0000000090e00000| Untracked 
| 109|0x0000000090f00000, 0x0000000090f00000, 0x0000000091000000|  0%| F|  |TAMS 0x0000000090f00000, 0x0000000090f00000| Untracked 
| 110|0x0000000091000000, 0x0000000091080800, 0x0000000091100000| 50%| E|  |TAMS 0x0000000091000000, 0x0000000091000000| Complete 
| 111|0x0000000091100000, 0x0000000091200000, 0x0000000091200000|100%| E|CS|TAMS 0x0000000091100000, 0x0000000091100000| Complete 
| 112|0x0000000091200000, 0x0000000091300000, 0x0000000091300000|100%| E|CS|TAMS 0x0000000091200000, 0x0000000091200000| Complete 
| 113|0x0000000091300000, 0x0000000091400000, 0x0000000091400000|100%| E|CS|TAMS 0x0000000091300000, 0x0000000091300000| Complete 
| 114|0x0000000091400000, 0x0000000091500000, 0x0000000091500000|100%| E|CS|TAMS 0x0000000091400000, 0x0000000091400000| Complete 
| 115|0x0000000091500000, 0x0000000091600000, 0x0000000091600000|100%| E|CS|TAMS 0x0000000091500000, 0x0000000091500000| Complete 
| 116|0x0000000091600000, 0x0000000091700000, 0x0000000091700000|100%| E|CS|TAMS 0x0000000091600000, 0x0000000091600000| Complete 
| 117|0x0000000091700000, 0x0000000091800000, 0x0000000091800000|100%| E|CS|TAMS 0x0000000091700000, 0x0000000091700000| Complete 

Card table byte_map: [0x000001606a230000,0x000001606a5e0000] _byte_map_base: 0x0000016069ddf000

Marking Bits (Prev, Next): (CMBitMap*) 0x0000016056e52780, (CMBitMap*) 0x0000016056e52748
 Prev Bits: [0x000001606c710000, 0x000001606e488000)
 Next Bits: [0x000001606a990000, 0x000001606c708000)

Polling page: 0x00000160565e0000

Metaspace:

Usage:
  Non-class:     19.59 MB capacity,    19.32 MB ( 99%) used,   235.34 KB (  1%) free+waste,    35.81 KB ( <1%) overhead. 
      Class:      2.59 MB capacity,     2.44 MB ( 94%) used,   140.16 KB (  5%) free+waste,    16.69 KB ( <1%) overhead. 
       Both:     22.18 MB capacity,    21.76 MB ( 98%) used,   375.49 KB (  2%) free+waste,    52.50 KB ( <1%) overhead. 

Virtual space:
  Non-class space:       20.00 MB reserved,      19.75 MB ( 99%) committed 
      Class space:        1.00 GB reserved,       2.62 MB ( <1%) committed 
             Both:        1.02 GB reserved,      22.38 MB (  2%) committed 

Chunk freelists:
   Non-Class:  38.00 KB
       Class:  2.00 KB
        Both:  40.00 KB

MaxMetaspaceSize: 17179869184.00 GB
CompressedClassSpaceSize: 1.00 GB
Initial GC threshold: 20.80 MB
Current GC threshold: 35.00 MB
CDS: off

CodeHeap 'non-profiled nmethods': size=120000Kb used=1189Kb max_used=1189Kb free=118810Kb
 bounds [0x0000016062400000, 0x0000016062670000, 0x0000016069930000]
CodeHeap 'profiled nmethods': size=120000Kb used=4574Kb max_used=4574Kb free=115425Kb
 bounds [0x000001605aed0000, 0x000001605b350000, 0x0000016062400000]
CodeHeap 'non-nmethods': size=5760Kb used=1199Kb max_used=1210Kb free=4561Kb
 bounds [0x000001605a930000, 0x000001605aba0000, 0x000001605aed0000]
 total_blobs=2796 nmethods=2325 adapters=384
 compilation: enabled
              stopped_count=0, restarted_count=0
 full_count=0

Compilation events (20 events):
Event: 47.935 Thread 0x000001607113c000 nmethod 2307 0x000001605b33fa90 code [0x000001605b33fcc0, 0x000001605b340118]
Event: 47.935 Thread 0x000001607113c000 2308       3       java.util.concurrent.Executors$RunnableAdapter::call (14 bytes)
Event: 47.935 Thread 0x000001607113c000 nmethod 2308 0x000001605b340290 code [0x000001605b340440, 0x000001605b340608]
Event: 49.564 Thread 0x000001607113b000 2309       4       sun.nio.cs.SingleByte$Decoder::decode (11 bytes)
Event: 49.565 Thread 0x000001607113b000 nmethod 2309 0x0000016062528710 code [0x00000160625288a0, 0x0000016062528938]
Event: 49.565 Thread 0x000001607113b000 2310   !   4       java.io.BufferedReader::readLine (304 bytes)
Event: 49.565 Thread 0x000001607113c000 2311       3       java.lang.AbstractStringBuilder::appendChars (130 bytes)
Event: 49.566 Thread 0x000001607113c000 nmethod 2311 0x000001605b340710 code [0x000001605b340980, 0x000001605b341468]
Event: 49.566 Thread 0x000001607113c000 2312       3       java.util.LinkedList::checkPositionIndex (22 bytes)
Event: 49.566 Thread 0x000001607113c000 nmethod 2312 0x000001605b341a10 code [0x000001605b341c80, 0x000001605b3423a8]
Event: 49.567 Thread 0x000001607113c000 2313       3       java.util.LinkedList::isPositionIndex (18 bytes)
Event: 49.567 Thread 0x000001607113c000 nmethod 2313 0x000001605b342690 code [0x000001605b342840, 0x000001605b3429d8]
Event: 49.569 Thread 0x000001607113c000 2315       3       jdk.internal.org.objectweb.asm.Type::getDescriptor (87 bytes)
Event: 49.569 Thread 0x000001607113c000 nmethod 2315 0x000001605b342a90 code [0x000001605b342cc0, 0x000001605b3431a8]
Event: 49.569 Thread 0x000001607113c000 2316       3       jdk.internal.org.objectweb.asm.MethodWriter::visitCode (1 bytes)
Event: 49.569 Thread 0x000001607113c000 nmethod 2316 0x000001605b343410 code [0x000001605b3435c0, 0x000001605b3436b8]
Event: 49.570 Thread 0x000001607113c000 2317       3       java.lang.invoke.MethodHandleNatives::isCallerSensitive (29 bytes)
Event: 49.570 Thread 0x000001607113c000 nmethod 2317 0x000001605b343790 code [0x000001605b343980, 0x000001605b343ee8]
Event: 49.570 Thread 0x000001607113c000 2318       3       java.lang.invoke.MethodHandleNatives::canBeCalledVirtual (93 bytes)
Event: 49.571 Thread 0x000001607113c000 nmethod 2318 0x000001605b344090 code [0x000001605b3442a0, 0x000001605b344818]

GC Heap History (18 events):
Event: 1.581 GC heap before
{Heap before GC invocations=0 (full 0):
 garbage-first heap   total 120832K, used 23552K [0x000000008a200000, 0x0000000100000000)
  region size 1024K, 24 young (24576K), 0 survivors (0K)
 Metaspace       used 15133K, capacity 15368K, committed 15488K, reserved 1062912K
  class space    used 1509K, capacity 1602K, committed 1664K, reserved 1048576K
}
Event: 1.588 GC heap after
{Heap after GC invocations=1 (full 0):
 garbage-first heap   total 120832K, used 3319K [0x000000008a200000, 0x0000000100000000)
  region size 1024K, 3 young (3072K), 3 survivors (3072K)
 Metaspace       used 15133K, capacity 15368K, committed 15488K, reserved 1062912K
  class space    used 1509K, capacity 1602K, committed 1664K, reserved 1048576K
}
Event: 4.547 GC heap before
{Heap before GC invocations=1 (full 0):
 garbage-first heap   total 120832K, used 71927K [0x000000008a200000, 0x0000000100000000)
  region size 1024K, 70 young (71680K), 3 survivors (3072K)
 Metaspace       used 15202K, capacity 15496K, committed 15744K, reserved 1062912K
  class space    used 1509K, capacity 1602K, committed 1664K, reserved 1048576K
}
Event: 4.553 GC heap after
{Heap after GC invocations=2 (full 0):
 garbage-first heap   total 120832K, used 3591K [0x000000008a200000, 0x0000000100000000)
  region size 1024K, 4 young (4096K), 4 survivors (4096K)
 Metaspace       used 15202K, capacity 15496K, committed 15744K, reserved 1062912K
  class space    used 1509K, capacity 1602K, committed 1664K, reserved 1048576K
}
Event: 7.037 GC heap before
{Heap before GC invocations=2 (full 0):
 garbage-first heap   total 120832K, used 71175K [0x000000008a200000, 0x0000000100000000)
  region size 1024K, 70 young (71680K), 4 survivors (4096K)
 Metaspace       used 15202K, capacity 15496K, committed 15744K, reserved 1062912K
  class space    used 1509K, capacity 1602K, committed 1664K, reserved 1048576K
}
Event: 7.042 GC heap after
{Heap after GC invocations=3 (full 0):
 garbage-first heap   total 120832K, used 3617K [0x000000008a200000, 0x0000000100000000)
  region size 1024K, 4 young (4096K), 4 survivors (4096K)
 Metaspace       used 15202K, capacity 15496K, committed 15744K, reserved 1062912K
  class space    used 1509K, capacity 1602K, committed 1664K, reserved 1048576K
}
Event: 9.529 GC heap before
{Heap before GC invocations=3 (full 0):
 garbage-first heap   total 120832K, used 71201K [0x000000008a200000, 0x0000000100000000)
  region size 1024K, 70 young (71680K), 4 survivors (4096K)
 Metaspace       used 15202K, capacity 15496K, committed 15744K, reserved 1062912K
  class space    used 1509K, capacity 1602K, committed 1664K, reserved 1048576K
}
Event: 9.532 GC heap after
{Heap after GC invocations=4 (full 0):
 garbage-first heap   total 120832K, used 3624K [0x000000008a200000, 0x0000000100000000)
  region size 1024K, 4 young (4096K), 4 survivors (4096K)
 Metaspace       used 15202K, capacity 15496K, committed 15744K, reserved 1062912K
  class space    used 1509K, capacity 1602K, committed 1664K, reserved 1048576K
}
Event: 12.019 GC heap before
{Heap before GC invocations=4 (full 0):
 garbage-first heap   total 120832K, used 71208K [0x000000008a200000, 0x0000000100000000)
  region size 1024K, 70 young (71680K), 4 survivors (4096K)
 Metaspace       used 15202K, capacity 15496K, committed 15744K, reserved 1062912K
  class space    used 1509K, capacity 1602K, committed 1664K, reserved 1048576K
}
Event: 12.026 GC heap after
{Heap after GC invocations=5 (full 0):
 garbage-first heap   total 120832K, used 3625K [0x000000008a200000, 0x0000000100000000)
  region size 1024K, 4 young (4096K), 4 survivors (4096K)
 Metaspace       used 15202K, capacity 15496K, committed 15744K, reserved 1062912K
  class space    used 1509K, capacity 1602K, committed 1664K, reserved 1048576K
}
Event: 15.527 GC heap before
{Heap before GC invocations=5 (full 0):
 garbage-first heap   total 120832K, used 73257K [0x000000008a200000, 0x0000000100000000)
  region size 1024K, 70 young (71680K), 4 survivors (4096K)
 Metaspace       used 15303K, capacity 15563K, committed 15744K, reserved 1062912K
  class space    used 1514K, capacity 1603K, committed 1664K, reserved 1048576K
}
Event: 15.531 GC heap after
{Heap after GC invocations=6 (full 0):
 garbage-first heap   total 120832K, used 5822K [0x000000008a200000, 0x0000000100000000)
  region size 1024K, 4 young (4096K), 4 survivors (4096K)
 Metaspace       used 15303K, capacity 15563K, committed 15744K, reserved 1062912K
  class space    used 1514K, capacity 1603K, committed 1664K, reserved 1048576K
}
Event: 18.245 GC heap before
{Heap before GC invocations=6 (full 0):
 garbage-first heap   total 120832K, used 73406K [0x000000008a200000, 0x0000000100000000)
  region size 1024K, 70 young (71680K), 4 survivors (4096K)
 Metaspace       used 15303K, capacity 15563K, committed 15744K, reserved 1062912K
  class space    used 1514K, capacity 1603K, committed 1664K, reserved 1048576K
}
Event: 18.248 GC heap after
{Heap after GC invocations=7 (full 0):
 garbage-first heap   total 120832K, used 5667K [0x000000008a200000, 0x0000000100000000)
  region size 1024K, 4 young (4096K), 4 survivors (4096K)
 Metaspace       used 15303K, capacity 15563K, committed 15744K, reserved 1062912K
  class space    used 1514K, capacity 1603K, committed 1664K, reserved 1048576K
}
Event: 20.420 GC heap before
{Heap before GC invocations=7 (full 0):
 garbage-first heap   total 120832K, used 73251K [0x000000008a200000, 0x0000000100000000)
  region size 1024K, 70 young (71680K), 4 survivors (4096K)
 Metaspace       used 15303K, capacity 15563K, committed 15744K, reserved 1062912K
  class space    used 1514K, capacity 1603K, committed 1664K, reserved 1048576K
}
Event: 20.424 GC heap after
{Heap after GC invocations=8 (full 0):
 garbage-first heap   total 120832K, used 5667K [0x000000008a200000, 0x0000000100000000)
  region size 1024K, 4 young (4096K), 4 survivors (4096K)
 Metaspace       used 15303K, capacity 15563K, committed 15744K, reserved 1062912K
  class space    used 1514K, capacity 1603K, committed 1664K, reserved 1048576K
}
Event: 22.765 GC heap before
{Heap before GC invocations=8 (full 0):
 garbage-first heap   total 120832K, used 77347K [0x000000008a200000, 0x0000000100000000)
  region size 1024K, 70 young (71680K), 4 survivors (4096K)
 Metaspace       used 20743K, capacity 21131K, committed 21248K, reserved 1069056K
  class space    used 2340K, capacity 2465K, committed 2560K, reserved 1048576K
}
Event: 22.773 GC heap after
{Heap after GC invocations=9 (full 0):
 garbage-first heap   total 120832K, used 12535K [0x000000008a200000, 0x0000000100000000)
  region size 1024K, 9 young (9216K), 9 survivors (9216K)
 Metaspace       used 20743K, capacity 21131K, committed 21248K, reserved 1069056K
  class space    used 2340K, capacity 2465K, committed 2560K, reserved 1048576K
}

Deoptimization events (20 events):
Event: 22.895 Thread 0x0000016071def800 Uncommon trap: trap_request=0xffffffde fr.pc=0x0000016062472df0 relative=0x00000000000007d0
Event: 22.896 Thread 0x0000016071def800 Uncommon trap: reason=class_check action=maybe_recompile pc=0x0000016062472df0 method=java.io.BufferedInputStream.read1([BII)I @ 39 c2
Event: 22.896 Thread 0x0000016071def800 DEOPT PACKING pc=0x0000016062472df0 sp=0x0000002a63cfe850
Event: 22.896 Thread 0x0000016071def800 DEOPT UNPACKING pc=0x000001605a97a1af sp=0x0000002a63cfe788 mode 2
Event: 24.698 Thread 0x00000160733de800 Uncommon trap: trap_request=0xffffffde fr.pc=0x00000160624ef814 relative=0x0000000000000ed4
Event: 24.698 Thread 0x00000160733de800 Uncommon trap: reason=class_check action=maybe_recompile pc=0x00000160624ef814 method=java.util.concurrent.ConcurrentHashMap.putVal(Ljava/lang/Object;Ljava/lang/Object;Z)Ljava/lang/Object; @ 242 c2
Event: 24.698 Thread 0x00000160733de800 DEOPT PACKING pc=0x00000160624ef814 sp=0x0000002a63efdf50
Event: 24.698 Thread 0x00000160733de800 DEOPT UNPACKING pc=0x000001605a97a1af sp=0x0000002a63efded0 mode 2
Event: 29.996 Thread 0x0000016056e12000 Uncommon trap: trap_request=0xffffffc6 fr.pc=0x000001606243d6f4 relative=0x0000000000000474
Event: 29.996 Thread 0x0000016056e12000 Uncommon trap: reason=bimorphic_or_optimized_type_check action=maybe_recompile pc=0x000001606243d6f4 method=java.util.HashMap.getNode(ILjava/lang/Object;)Ljava/util/HashMap$Node; @ 126 c2
Event: 29.996 Thread 0x0000016056e12000 DEOPT PACKING pc=0x000001606243d6f4 sp=0x0000002a625fd090
Event: 29.996 Thread 0x0000016056e12000 DEOPT UNPACKING pc=0x000001605a97a1af sp=0x0000002a625fcf38 mode 2
Event: 49.568 Thread 0x0000016056e12000 Uncommon trap: trap_request=0xffffff4d fr.pc=0x00000160624ea964 relative=0x0000000000003164
Event: 49.568 Thread 0x0000016056e12000 Uncommon trap: reason=unstable_if action=reinterpret pc=0x00000160624ea964 method=java.io.WinNTFileSystem.normalize(Ljava/lang/String;)Ljava/lang/String; @ 128 c2
Event: 49.568 Thread 0x0000016056e12000 DEOPT PACKING pc=0x00000160624ea964 sp=0x0000002a625fcfa0
Event: 49.568 Thread 0x0000016056e12000 DEOPT UNPACKING pc=0x000001605a97a1af sp=0x0000002a625fcfa8 mode 2
Event: 49.571 Thread 0x0000016056e12000 Uncommon trap: trap_request=0xffffff4d fr.pc=0x000001606251b58c relative=0x00000000000001cc
Event: 49.571 Thread 0x0000016056e12000 Uncommon trap: reason=unstable_if action=reinterpret pc=0x000001606251b58c method=java.net.URI$Parser.scan(IILjava/lang/String;)I @ 26 c2
Event: 49.571 Thread 0x0000016056e12000 DEOPT PACKING pc=0x000001606251b58c sp=0x0000002a625fcca0
Event: 49.571 Thread 0x0000016056e12000 DEOPT UNPACKING pc=0x000001605a97a1af sp=0x0000002a625fcc30 mode 2

Classes redefined (0 events):
No events

Internal exceptions (20 events):
Event: 18.515 Thread 0x00000160724ab800 Implicit null exception at 0x000001606248b5e0 to 0x000001606248bce0
Event: 18.515 Thread 0x00000160724ab800 Implicit null exception at 0x000001606249c5be to 0x000001606249c8d8
Event: 21.849 Thread 0x0000016056e12000 Implicit null exception at 0x00000160624c9518 to 0x00000160624cad3c
Event: 21.890 Thread 0x0000016056e12000 Exception <a 'java/lang/NoSuchMethodError'{0x000000008f7eacc0}: 'int java.lang.invoke.DirectMethodHandle$Holder.invokeSpecial(java.lang.Object, java.lang.Object, java.lang.Object, java.lang.Object)'> (0x000000008f7eacc0) thrown at [src/hotspot/share/interpreter/linkResolver.cpp, line 773]
Event: 22.267 Thread 0x0000016056e12000 Exception <a 'java/lang/NoClassDefFoundError'{0x000000008e52c8f8}: org/slf4j/impl/StaticMarkerBinder> (0x000000008e52c8f8) thrown at [src/hotspot/share/classfile/systemDictionary.cpp, line 219]
Event: 22.280 Thread 0x0000016056e12000 Exception <a 'java/lang/NoSuchMethodError'{0x000000008e5e41e8}: 'java.lang.Object java.lang.invoke.DirectMethodHandle$Holder.invokeVirtual(java.lang.Object, java.lang.Object, java.lang.Object, java.lang.Object, java.lang.Object, java.lang.Object, java.lang.Object)'> (0x000000008e5e41e8) thrown at [src/hotspot/share/interpreter/linkResolver.cpp, line 773]
Event: 22.282 Thread 0x0000016056e12000 Exception <a 'java/lang/NoSuchMethodError'{0x000000008e5f2668}: 'java.lang.Object java.lang.invoke.Invokers$Holder.invoker(java.lang.Object, java.lang.Object, java.lang.Object)'> (0x000000008e5f2668) thrown at [src/hotspot/share/interpreter/linkResolver.cpp, line 773]
Event: 22.285 Thread 0x0000016056e12000 Exception <a 'java/lang/NoSuchMethodError'{0x000000008e403720}: 'void java.lang.invoke.DelegatingMethodHandle$Holder.delegate(java.lang.Object, java.lang.Object, int, java.lang.Object)'> (0x000000008e403720) thrown at [src/hotspot/share/interpreter/linkResolver.cpp, line 773]
Event: 22.384 Thread 0x0000016056e12000 Exception <a 'java/lang/NoSuchMethodError'{0x000000008de27bc0}: 'java.lang.Object java.lang.invoke.DirectMethodHandle$Holder.invokeInterface(java.lang.Object, java.lang.Object, java.lang.Object)'> (0x000000008de27bc0) thrown at [src/hotspot/share/interpreter/linkResolver.cpp, line 773]
Event: 22.429 Thread 0x0000016056e12000 Exception <a 'java/lang/NoSuchMethodError'{0x000000008dc7a6d8}: 'java.lang.Object java.lang.invoke.DirectMethodHandle$Holder.invokeStaticInit(java.lang.Object, java.lang.Object, java.lang.Object)'> (0x000000008dc7a6d8) thrown at [src/hotspot/share/interpreter/linkResolver.cpp, line 773]
Event: 22.746 Thread 0x0000016056e12000 Implicit null exception at 0x0000016062423377 to 0x0000016062423900
Event: 22.746 Thread 0x0000016056e12000 Implicit null exception at 0x00000160624f12f4 to 0x00000160624f1854
Event: 22.869 Thread 0x0000016071def800 Exception <a 'java/lang/NoSuchMethodError'{0x000000009139e118}: 'void java.lang.invoke.DirectMethodHandle$Holder.invokeStatic(java.lang.Object, long)'> (0x000000009139e118) thrown at [src/hotspot/share/interpreter/linkResolver.cpp, line 773]
Event: 22.870 Thread 0x0000016071def800 Exception <a 'java/lang/NoSuchMethodError'{0x00000000913a3368}: 'java.lang.Object java.lang.invoke.DirectMethodHandle$Holder.invokeStatic(java.lang.Object, long)'> (0x00000000913a3368) thrown at [src/hotspot/share/interpreter/linkResolver.cpp, line 773]
Event: 22.872 Thread 0x0000016071def800 Exception <a 'java/lang/NoSuchMethodError'{0x00000000913b14a8}: 'java.lang.Object java.lang.invoke.DirectMethodHandle$Holder.invokeStaticInit(java.lang.Object, java.lang.Object, long, java.lang.Object)'> (0x00000000913b14a8) thrown at [src/hotspot/share/interpreter/linkResolver.cpp, line 773]
Event: 22.873 Thread 0x0000016071def800 Exception <a 'java/lang/NoSuchMethodError'{0x00000000913b7398}: 'java.lang.Object java.lang.invoke.DirectMethodHandle$Holder.invokeStatic(java.lang.Object, java.lang.Object, long)'> (0x00000000913b7398) thrown at [src/hotspot/share/interpreter/linkResolver.cpp, line 773]
Event: 22.873 Thread 0x0000016071def800 Exception <a 'java/lang/NoSuchMethodError'{0x00000000913bd668}: 'java.lang.Object java.lang.invoke.Invokers$Holder.linkToTargetMethod(java.lang.Object, long, java.lang.Object)'> (0x00000000913bd668) thrown at [src/hotspot/share/interpreter/linkResolver.cpp, line 773]
Event: 49.560 Thread 0x0000016056e12000 Exception <a 'java/io/IOException'{0x0000000091013358}> (0x0000000091013358) thrown at [src/hotspot/share/prims/jni.cpp, line 617]
Event: 49.569 Thread 0x0000016056e12000 Exception <a 'java/lang/NoSuchMethodError'{0x0000000091057078}: 'int java.lang.invoke.DirectMethodHandle$Holder.invokeVirtual(java.lang.Object, java.lang.Object)'> (0x0000000091057078) thrown at [src/hotspot/share/interpreter/linkResolver.cpp, line 773]
Event: 49.572 Thread 0x000001607353c800 Exception <a 'java/io/IOException'{0x00000000911829a0}> (0x00000000911829a0) thrown at [src/hotspot/share/prims/jni.cpp, line 617]

Events (20 events):
Event: 49.561 loading class com/google/common/base/ExtraObjectsMethodsForWeb
Event: 49.561 loading class com/google/common/base/ExtraObjectsMethodsForWeb done
Event: 49.562 loading class org/slf4j/helpers/MessageFormatter
Event: 49.562 loading class org/slf4j/helpers/MessageFormatter done
Event: 49.562 Executing VM operation: RevokeBias
Event: 49.562 Executing VM operation: RevokeBias done
Event: 49.563 loading class org/slf4j/helpers/FormattingTuple
Event: 49.563 loading class org/slf4j/helpers/FormattingTuple done
Event: 49.563 Executing VM operation: RevokeBias
Event: 49.563 Executing VM operation: RevokeBias done
Event: 49.563 loading class org/gradle/util/internal/LimitedDescription
Event: 49.563 loading class org/gradle/util/internal/LimitedDescription done
Event: 49.566 loading class com/google/common/collect/Lists$ReverseList
Event: 49.566 loading class com/google/common/collect/Lists$ReverseList done
Event: 49.567 loading class com/google/common/collect/Lists$ReverseList$1
Event: 49.567 loading class com/google/common/collect/Lists$ReverseList$1 done
Event: 49.569 Executing VM operation: RevokeBias
Event: 49.569 Executing VM operation: RevokeBias done
Event: 49.570 loading class org/gradle/internal/logging/ConsoleRenderer
Event: 49.570 loading class org/gradle/internal/logging/ConsoleRenderer done


Dynamic libraries:
0x00007ff63f6b0000 - 0x00007ff63f6ba000 	C:\Program Files\Android\Android Studio\jbr\bin\java.exe
0x00007ffedd710000 - 0x00007ffedd924000 	C:\WINDOWS\SYSTEM32\ntdll.dll
0x00007ffedbbc0000 - 0x00007ffedbc84000 	C:\WINDOWS\System32\KERNEL32.DLL
0x00007ffedae50000 - 0x00007ffedb1f4000 	C:\WINDOWS\System32\KERNELBASE.dll
0x00007ffedab20000 - 0x00007ffedac31000 	C:\WINDOWS\System32\ucrtbase.dll
0x00007ffec8f90000 - 0x00007ffec8fa7000 	C:\Program Files\Android\Android Studio\jbr\bin\jli.dll
0x00007ffebf150000 - 0x00007ffebf16b000 	C:\Program Files\Android\Android Studio\jbr\bin\VCRUNTIME140.dll
0x00007ffedb500000 - 0x00007ffedb6aa000 	C:\WINDOWS\System32\USER32.dll
0x00007ffedaaf0000 - 0x00007ffedab16000 	C:\WINDOWS\System32\win32u.dll
0x00007ffec0950000 - 0x00007ffec0bdf000 	C:\WINDOWS\WinSxS\amd64_microsoft.windows.common-controls_6595b64144ccf1df_6.0.22621.2070_none_2713e6537381f706\COMCTL32.dll
0x00007ffedb4d0000 - 0x00007ffedb4f9000 	C:\WINDOWS\System32\GDI32.dll
0x00007ffedacb0000 - 0x00007ffedadc9000 	C:\WINDOWS\System32\gdi32full.dll
0x00007ffedbfc0000 - 0x00007ffedc067000 	C:\WINDOWS\System32\msvcrt.dll
0x00007ffedb200000 - 0x00007ffedb29a000 	C:\WINDOWS\System32\msvcp_win.dll
0x00007ffedbb80000 - 0x00007ffedbbb1000 	C:\WINDOWS\System32\IMM32.DLL
0x00007ffed6550000 - 0x00007ffed655c000 	C:\Program Files\Android\Android Studio\jbr\bin\vcruntime140_1.dll
0x00007ffeb46b0000 - 0x00007ffeb473d000 	C:\Program Files\Android\Android Studio\jbr\bin\msvcp140.dll
0x00007ffe8a910000 - 0x00007ffe8b4cc000 	C:\Program Files\Android\Android Studio\jbr\bin\server\jvm.dll
0x00007ffedc320000 - 0x00007ffedc3d0000 	C:\WINDOWS\System32\ADVAPI32.dll
0x00007ffedb720000 - 0x00007ffedb7c6000 	C:\WINDOWS\System32\sechost.dll
0x00007ffedc9e0000 - 0x00007ffedcaf7000 	C:\WINDOWS\System32\RPCRT4.dll
0x00007ffedc310000 - 0x00007ffedc318000 	C:\WINDOWS\System32\PSAPI.DLL
0x00007ffec1830000 - 0x00007ffec1839000 	C:\WINDOWS\SYSTEM32\WSOCK32.dll
0x00007ffed4180000 - 0x00007ffed41b4000 	C:\WINDOWS\SYSTEM32\WINMM.dll
0x00007ffedc960000 - 0x00007ffedc9d1000 	C:\WINDOWS\System32\WS2_32.dll
0x00007ffed3710000 - 0x00007ffed371a000 	C:\WINDOWS\SYSTEM32\VERSION.dll
0x00007ffed9bd0000 - 0x00007ffed9be8000 	C:\WINDOWS\SYSTEM32\kernel.appcore.dll
0x00007ffed6530000 - 0x00007ffed6540000 	C:\Program Files\Android\Android Studio\jbr\bin\verify.dll
0x00007ffecaea0000 - 0x00007ffecb0ce000 	C:\WINDOWS\SYSTEM32\DBGHELP.DLL
0x00007ffedb7f0000 - 0x00007ffedbb7a000 	C:\WINDOWS\System32\combase.dll
0x00007ffedc070000 - 0x00007ffedc147000 	C:\WINDOWS\System32\OLEAUT32.dll
0x00007ffec95e0000 - 0x00007ffec9612000 	C:\WINDOWS\SYSTEM32\dbgcore.DLL
0x00007ffedadd0000 - 0x00007ffedae4a000 	C:\WINDOWS\System32\bcryptPrimitives.dll
0x00007ffed5220000 - 0x00007ffed5248000 	C:\Program Files\Android\Android Studio\jbr\bin\java.dll
0x00007ffed6520000 - 0x00007ffed652a000 	C:\Program Files\Android\Android Studio\jbr\bin\jimage.dll
0x00007ffed5140000 - 0x00007ffed5158000 	C:\Program Files\Android\Android Studio\jbr\bin\zip.dll
0x00007ffedcc70000 - 0x00007ffedd486000 	C:\WINDOWS\System32\SHELL32.dll
0x00007ffed8ac0000 - 0x00007ffed93aa000 	C:\WINDOWS\SYSTEM32\windows.storage.dll
0x00007ffed8980000 - 0x00007ffed8abe000 	C:\WINDOWS\SYSTEM32\wintypes.dll
0x00007ffedbc90000 - 0x00007ffedbd83000 	C:\WINDOWS\System32\SHCORE.dll
0x00007ffedb6b0000 - 0x00007ffedb70e000 	C:\WINDOWS\System32\shlwapi.dll
0x00007ffedaa20000 - 0x00007ffedaa46000 	C:\WINDOWS\SYSTEM32\profapi.dll
0x00007ffed4e70000 - 0x00007ffed4e89000 	C:\Program Files\Android\Android Studio\jbr\bin\net.dll
0x00007ffed48e0000 - 0x00007ffed4a17000 	C:\WINDOWS\SYSTEM32\WINHTTP.dll
0x00007ffeda0a0000 - 0x00007ffeda109000 	C:\WINDOWS\system32\mswsock.dll
0x00007ffed4ce0000 - 0x00007ffed4cf3000 	C:\Program Files\Android\Android Studio\jbr\bin\nio.dll
0x00007ffeb45b0000 - 0x00007ffeb45d7000 	C:\Program Files\Android\Android Studio\jbr\bin\sunec.dll
0x00007ffeda2f0000 - 0x00007ffeda30b000 	C:\WINDOWS\SYSTEM32\CRYPTSP.dll
0x00007ffed9b90000 - 0x00007ffed9bc5000 	C:\WINDOWS\system32\rsaenh.dll
0x00007ffeda190000 - 0x00007ffeda1bc000 	C:\WINDOWS\SYSTEM32\USERENV.dll
0x00007ffeda4b0000 - 0x00007ffeda4d8000 	C:\WINDOWS\SYSTEM32\bcrypt.dll
0x00007ffeda310000 - 0x00007ffeda31c000 	C:\WINDOWS\SYSTEM32\CRYPTBASE.dll
0x00007ffed9690000 - 0x00007ffed96bd000 	C:\WINDOWS\SYSTEM32\IPHLPAPI.DLL
0x00007ffedc150000 - 0x00007ffedc159000 	C:\WINDOWS\System32\NSI.dll
0x00007ffed4650000 - 0x00007ffed4669000 	C:\WINDOWS\SYSTEM32\dhcpcsvc6.DLL
0x00007ffed4630000 - 0x00007ffed464f000 	C:\WINDOWS\SYSTEM32\dhcpcsvc.DLL
0x00007ffed9700000 - 0x00007ffed97f3000 	C:\WINDOWS\SYSTEM32\DNSAPI.dll
0x00007ffecebf0000 - 0x00007ffecebfa000 	C:\Windows\System32\rasadhlp.dll
0x00007ffed35f0000 - 0x00007ffed3674000 	C:\WINDOWS\System32\fwpuclnt.dll
0x00007ffeb4630000 - 0x00007ffeb4657000 	C:\Users\HP\.gradle\native\8bec1ad78214c89d9ad589b4d07fe93259594b29d510b10fafb7a158f7737e5d\windows-amd64\native-platform.dll
0x00007ffe93ea0000 - 0x00007ffe93fdd000 	C:\Users\HP\.gradle\native\53dbd7edfb1c66fb8903c78663c9afc45aea4f116125fa6feffd364cf09443e8\windows-amd64\native-platform-file-events.dll
0x00007ffed50d0000 - 0x00007ffed50da000 	C:\Program Files\Android\Android Studio\jbr\bin\management.dll
0x00007ffed4cd0000 - 0x00007ffed4cdb000 	C:\Program Files\Android\Android Studio\jbr\bin\management_ext.dll

dbghelp: loaded successfully - version: 4.0.5 - missing functions: none
symbol engine: initialized successfully - sym options: 0x614 - pdb path: .;C:\Program Files\Android\Android Studio\jbr\bin;C:\WINDOWS\SYSTEM32;C:\WINDOWS\WinSxS\amd64_microsoft.windows.common-controls_6595b64144ccf1df_6.0.22621.2070_none_2713e6537381f706;C:\Program Files\Android\Android Studio\jbr\bin\server;C:\Users\HP\.gradle\native\8bec1ad78214c89d9ad589b4d07fe93259594b29d510b10fafb7a158f7737e5d\windows-amd64;C:\Users\HP\.gradle\native\53dbd7edfb1c66fb8903c78663c9afc45aea4f116125fa6feffd364cf09443e8\windows-amd64

VM Arguments:
jvm_args: -Dorg.gradle.appname=gradlew 
java_command: org.gradle.wrapper.GradleWrapperMain -q -Ptarget-platform=android-x64 -Ptarget=G:\Clima-Flutter-Completed\lib\main.dart -Pbase-application-name=android.app.Application -Pdart-defines=Zmx1dHRlci5pbnNwZWN0b3Iuc3RydWN0dXJlZEVycm9ycz10cnVl,RkxVVFRFUl9XRUJfQVVUT19ERVRFQ1Q9dHJ1ZQ==,RkxVVFRFUl9XRUJfQ0FOVkFTS0lUX1VSTD1odHRwczovL3d3dy5nc3RhdGljLmNvbS9mbHV0dGVyLWNhbnZhc2tpdC9jZGJlZGE3ODhhMjkzZmEyOTY2NWRjM2ZhM2Q2ZTYzYmQyMjFjYjBkLw== -Pdart-obfuscation=false -Ptrack-widget-creation=true -Ptree-shake-icons=false -Pfilesystem-scheme=org-dartlang-root assembleDebug
java_class_path (initial): G:\Clima-Flutter-Completed\android\\gradle\wrapper\gradle-wrapper.jar
Launcher Type: SUN_STANDARD

[Global flags]
     intx CICompilerCount                          = 4                                         {product} {ergonomic}
     uint ConcGCThreads                            = 3                                         {product} {ergonomic}
     uint G1ConcRefinementThreads                  = 10                                        {product} {ergonomic}
   size_t G1HeapRegionSize                         = 1048576                                   {product} {ergonomic}
    uintx GCDrainStackTargetSize                   = 64                                        {product} {ergonomic}
   size_t InitialHeapSize                          = 123731968                                 {product} {ergonomic}
   size_t MarkStackSize                            = 4194304                                   {product} {ergonomic}
   size_t MaxHeapSize                              = 1977614336                                {product} {ergonomic}
   size_t MaxNewSize                               = 1185939456                                {product} {ergonomic}
   size_t MinHeapDeltaBytes                        = 1048576                                   {product} {ergonomic}
    uintx NonNMethodCodeHeapSize                   = 5836300                                {pd product} {ergonomic}
    uintx NonProfiledCodeHeapSize                  = 122910970                              {pd product} {ergonomic}
    uintx ProfiledCodeHeapSize                     = 122910970                              {pd product} {ergonomic}
    uintx ReservedCodeCacheSize                    = 251658240                              {pd product} {ergonomic}
     bool SegmentedCodeCache                       = true                                      {product} {ergonomic}
     bool UseCompressedClassPointers               = true                                 {lp64_product} {ergonomic}
     bool UseCompressedOops                        = true                                 {lp64_product} {ergonomic}
     bool UseG1GC                                  = true                                      {product} {ergonomic}
     bool UseLargePagesIndividualAllocation        = false                                  {pd product} {ergonomic}

Logging:
Log output configuration:
 #0: stdout all=warning uptime,level,tags
 #1: stderr all=off uptime,level,tags

Environment Variables:
JAVA_HOME=C:\Program Files\Android\Android Studio\jbr
CLASSPATH=G:\Clima-Flutter-Completed\android\\gradle\wrapper\gradle-wrapper.jar
PATH=C:\oraclexe\app\oracle\product\11.2.0\server\bin;C:\Program Files (x86)\Common Files\Oracle\Java\javapath;C:\Program Files\Java\jdk-17.0.1\bin;C:\Program Files (x86)\Common Files\Intel\Shared Libraries\redist\intel64\compiler;C:\windows\system32;C:\windows;C:\windows\System32\Wbem;C:\windows\System32\WindowsPowerShell\v1.0\;C:\windows\System32\OpenSSH\;C:\Program Files (x86)\NVIDIA Corporation\PhysX\Common;C:\Program Files\NVIDIA Corporation\NVIDIA NvDLISR;C:\MinGW\bin;C:\Program Files\Java\jdk1.8.0_333\bin;C:\Program Files\Java\jre1.8.0_333\bin;C:\Program Files\Git\cmd;C:\WINDOWS\system32;C:\WINDOWS;C:\WINDOWS\System32\Wbem;C:\WINDOWS\System32\WindowsPowerShell\v1.0\;C:\WINDOWS\System32\OpenSSH\;C:\Program Files\Java\jdk-19\bin;C:\flutter\bin\cache\dartsdk-windows-x64-release - 1\dart-sdk\bin;C:\Program Files\MySQL\MySQL Shell 8.0\bin\;C:\Users\HP\AppData\Local\Programs\Python\Python310\Scripts\;C:\Users\HP\AppData\Local\Programs\Python\Python310\;C:\Users\HP\AppData\Local\Microsoft\WindowsApps;C:\Users\HP\AppData\Local\Programs\Microsoft VS Code\bin;C:\MinGW\bin;D:\;C:\flutter\bin;C:\Program Files\Java\jdk-19\bin;;C:\flutter\bin\mingit\cmd
USERNAME=HP
OS=Windows_NT
PROCESSOR_IDENTIFIER=AMD64 Family 23 Model 96 Stepping 1, AuthenticAMD



---------------  S Y S T E M  ---------------

OS: Windows 11 , 64 bit Build 22621 (10.0.22621.2070)
OS uptime: 0 days 14:42 hours

CPU:total 12 (initial active 12) (12 cores per cpu, 2 threads per core) family 23 model 96 stepping 1 microcode 0x0, cmov, cx8, fxsr, mmx, sse, sse2, sse3, ssse3, sse4.1, sse4.2, popcnt, avx, avx2, aes, clmul, mmxext, 3dnowpref, lzcnt, sse4a, ht, tsc, tscinvbit, tscinv, bmi1, bmi2, adx, sha, fma

Memory: 4k page, system-wide physical 7541M (514M free)
TotalPageFile size 20341M (AvailPageFile size 0M)
current process WorkingSet (physical memory assigned to process): 90M, peak: 164M
current process commit charge ("private bytes"): 233M, peak: 235M

vm_info: OpenJDK 64-Bit Server VM (11.0.15+0-b2043.56-9505619) for windows-amd64 JRE (11.0.15+0-b2043.56-9505619), built on Jan 19 2023 02:48:00 by "builduser" with unknown MS VC++:1929

END.
