#
# There is insufficient memory for the Java Runtime Environment to continue.
# Native memory allocation (malloc) failed to allocate 32784 bytes for Chunk::new
# Possible reasons:
#   The system is out of physical RAM or swap space
#   The process is running with CompressedOops enabled, and the Java Heap may be blocking the growth of the native heap
# Possible solutions:
#   Reduce memory load on the system
#   Increase physical memory or swap space
#   Check if swap backing store is full
#   Decrease Java heap size (-Xmx/-Xms)
#   Decrease number of Java threads
#   Decrease Java thread stack sizes (-Xss)
#   Set larger code cache with -XX:ReservedCodeCacheSize=
#   JVM is running with Unscaled Compressed Oops mode in which the Java heap is
#     placed in the first 4GB address space. The Java Heap base address is the
#     maximum limit for the native heap growth. Please use -XX:HeapBaseMinAddress
#     to set the Java Heap base and to place the Java Heap above 4GB virtual address.
# This output file may be truncated or incomplete.
#
#  Out of Memory Error (src/hotspot/share/memory/arena.cpp:197), pid=15832, tid=15320
#
# JRE version: OpenJDK Runtime Environment (11.0.15) (build 11.0.15+0-b2043.56-9505619)
# Java VM: OpenJDK 64-Bit Server VM (11.0.15+0-b2043.56-9505619, mixed mode, tiered, compressed oops, g1 gc, windows-amd64)
# No core dump will be written. Minidumps are not enabled by default on client versions of Windows
#

---------------  S U M M A R Y ------------

Command Line: --add-opens=java.base/java.util=ALL-UNNAMED --add-opens=java.base/java.lang=ALL-UNNAMED --add-opens=java.base/java.lang.invoke=ALL-UNNAMED --add-opens=java.base/java.util=ALL-UNNAMED --add-opens=java.prefs/java.util.prefs=ALL-UNNAMED --add-opens=java.prefs/java.util.prefs=ALL-UNNAMED --add-opens=java.base/java.nio.charset=ALL-UNNAMED --add-opens=java.base/java.net=ALL-UNNAMED --add-opens=java.base/java.util.concurrent.atomic=ALL-UNNAMED -Xmx1536M -Dfile.encoding=windows-1252 -Duser.country=IN -Duser.language=en -Duser.variant org.gradle.launcher.daemon.bootstrap.GradleDaemon 7.0.2

Host: AMD Ryzen 5 4600H with Radeon Graphics         , 12 cores, 7G,  Windows 11 , 64 bit Build 22621 (10.0.22621.2070)
Time: Sat Jul 29 14:53:47 2023 India Standard Time elapsed time: 26.541842 seconds (0d 0h 0m 26s)

---------------  T H R E A D  ---------------

Current thread (0x00000261f77ae800):  JavaThread "C2 CompilerThread0" daemon [_thread_in_native, id=15320, stack(0x000000b455200000,0x000000b455300000)]


Current CompileTask:
C2:  26541 10828   !   4       java.util.jar.Attributes::read (354 bytes)

Stack: [0x000000b455200000,0x000000b455300000]
Native frames: (J=compiled Java code, j=interpreted, Vv=VM code, C=native code)
V  [jvm.dll+0x64135a]
V  [jvm.dll+0x7d39f9]
V  [jvm.dll+0x7d51b9]
V  [jvm.dll+0x7d58a3]
V  [jvm.dll+0x2691c5]
V  [jvm.dll+0xc1a5c]
V  [jvm.dll+0xc200c]
V  [jvm.dll+0xd047a]
V  [jvm.dll+0x53e49e]
V  [jvm.dll+0x53ce8d]
V  [jvm.dll+0x53c3ce]
V  [jvm.dll+0x53c3e1]
V  [jvm.dll+0x53c3e1]
V  [jvm.dll+0x53c3e1]
V  [jvm.dll+0x53c3e1]
V  [jvm.dll+0x53c3e1]
V  [jvm.dll+0x53c3e1]
V  [jvm.dll+0x53c3e1]
V  [jvm.dll+0x53c3e1]
V  [jvm.dll+0x53c3e1]
V  [jvm.dll+0x53c3e1]
V  [jvm.dll+0x53c3e1]
V  [jvm.dll+0x53c395]
V  [jvm.dll+0x53c3e1]
V  [jvm.dll+0x53c395]
V  [jvm.dll+0x53c395]
V  [jvm.dll+0x54d22b]
V  [jvm.dll+0x22a011]
V  [jvm.dll+0x223809]
V  [jvm.dll+0x220384]
V  [jvm.dll+0x19e851]
V  [jvm.dll+0x230479]
V  [jvm.dll+0x22e5ef]
V  [jvm.dll+0x794de1]
V  [jvm.dll+0x78dc24]
V  [jvm.dll+0x6400f6]
C  [ucrtbase.dll+0x29363]
C  [KERNEL32.DLL+0x126ad]
C  [ntdll.dll+0x5aa68]


---------------  P R O C E S S  ---------------

Threads class SMR info:
_java_thread_list=0x00000261fabcbfe0, length=58, elements={
0x00000261de194800, 0x00000261f778b800, 0x00000261f7795000, 0x00000261f77ab000,
0x00000261f77ac000, 0x00000261f77ad000, 0x00000261f77ae800, 0x00000261f77b1800,
0x00000261f8105000, 0x00000261f8261000, 0x00000261f9ad1800, 0x00000261f8322000,
0x00000261f938a800, 0x00000261f9687800, 0x00000261f9a81800, 0x00000261f9149000,
0x00000261f9a52800, 0x00000261f9994800, 0x00000261fa212000, 0x00000261fa210000,
0x00000261fa20c800, 0x00000261fa213000, 0x00000261fa210800, 0x00000261fa211800,
0x00000261fa20e000, 0x00000261fa20f000, 0x00000261fa20d800, 0x00000261fc71e000,
0x00000261fc71a000, 0x00000261fc71d800, 0x00000261fc722000, 0x00000261fc71c800,
0x00000261fc71f800, 0x00000261fc71f000, 0x00000261fc723000, 0x00000261fc725800,
0x00000261fc727000, 0x00000261fc728800, 0x00000261fc724000, 0x00000261fc726000,
0x00000261fc728000, 0x00000261fcfa5000, 0x00000261fcfa6800, 0x00000261fcfaa000,
0x00000261fcfa7800, 0x00000261fcfab000, 0x00000261fcfab800, 0x00000261fcfa9000,
0x00000261fcfa6000, 0x00000261fcfac800, 0x00000261fcfad000, 0x00000261fcfae000,
0x00000261fcfa8800, 0x00000261fcfb0800, 0x00000261fcfb1800, 0x00000261fcfb4000,
0x00000261fcfb3000, 0x00000261fcfb2000
}

Java Threads: ( => current thread )
  0x00000261de194800 JavaThread "main" [_thread_blocked, id=11400, stack(0x000000b454600000,0x000000b454700000)]
  0x00000261f778b800 JavaThread "Reference Handler" daemon [_thread_blocked, id=4352, stack(0x000000b454d00000,0x000000b454e00000)]
  0x00000261f7795000 JavaThread "Finalizer" daemon [_thread_blocked, id=6852, stack(0x000000b454e00000,0x000000b454f00000)]
  0x00000261f77ab000 JavaThread "Signal Dispatcher" daemon [_thread_blocked, id=18516, stack(0x000000b454f00000,0x000000b455000000)]
  0x00000261f77ac000 JavaThread "Attach Listener" daemon [_thread_blocked, id=14792, stack(0x000000b455000000,0x000000b455100000)]
  0x00000261f77ad000 JavaThread "Service Thread" daemon [_thread_blocked, id=10424, stack(0x000000b455100000,0x000000b455200000)]
=>0x00000261f77ae800 JavaThread "C2 CompilerThread0" daemon [_thread_in_native, id=15320, stack(0x000000b455200000,0x000000b455300000)]
  0x00000261f77b1800 JavaThread "C1 CompilerThread0" daemon [_thread_blocked, id=14052, stack(0x000000b455300000,0x000000b455400000)]
  0x00000261f8105000 JavaThread "Sweeper thread" daemon [_thread_blocked, id=12640, stack(0x000000b455400000,0x000000b455500000)]
  0x00000261f8261000 JavaThread "Common-Cleaner" daemon [_thread_blocked, id=10872, stack(0x000000b455500000,0x000000b455600000)]
  0x00000261f9ad1800 JavaThread "Daemon health stats" [_thread_blocked, id=17324, stack(0x000000b455900000,0x000000b455a00000)]
  0x00000261f8322000 JavaThread "Incoming local TCP Connector on port 58760" [_thread_in_native, id=15480, stack(0x000000b455700000,0x000000b455800000)]
  0x00000261f938a800 JavaThread "Daemon periodic checks" [_thread_blocked, id=13720, stack(0x000000b455a00000,0x000000b455b00000)]
  0x00000261f9687800 JavaThread "Daemon" [_thread_blocked, id=11828, stack(0x000000b455b00000,0x000000b455c00000)]
  0x00000261f9a81800 JavaThread "Handler for socket connection from /127.0.0.1:58760 to /127.0.0.1:58761" [_thread_in_native, id=792, stack(0x000000b455c00000,0x000000b455d00000)]
  0x00000261f9149000 JavaThread "Cancel handler" [_thread_blocked, id=7440, stack(0x000000b455d00000,0x000000b455e00000)]
  0x00000261f9a52800 JavaThread "Daemon worker" [_thread_in_Java, id=19412, stack(0x000000b455e00000,0x000000b455f00000)]
  0x00000261f9994800 JavaThread "Asynchronous log dispatcher for DefaultDaemonConnection: socket connection from /127.0.0.1:58760 to /127.0.0.1:58761" [_thread_blocked, id=15968, stack(0x000000b455f00000,0x000000b456000000)]
  0x00000261fa212000 JavaThread "Stdin handler" [_thread_blocked, id=19224, stack(0x000000b456000000,0x000000b456100000)]
  0x00000261fa210000 JavaThread "Daemon client event forwarder" [_thread_blocked, id=17416, stack(0x000000b456100000,0x000000b456200000)]
  0x00000261fa20c800 JavaThread "Cache worker for file hash cache (C:\Users\HP\.gradle\caches\7.0.2\fileHashes)" [_thread_blocked, id=7508, stack(0x000000b456b00000,0x000000b456c00000)]
  0x00000261fa213000 JavaThread "File lock request listener" [_thread_in_native, id=16932, stack(0x000000b456c00000,0x000000b456d00000)]
  0x00000261fa210800 JavaThread "Cache worker for journal cache (C:\Users\HP\.gradle\caches\journal-1)" [_thread_blocked, id=13284, stack(0x000000b456d00000,0x000000b456e00000)]
  0x00000261fa211800 JavaThread "Cache worker for file hash cache (G:\Clima-Flutter-Completed\android\.gradle\7.0.2\fileHashes)" [_thread_blocked, id=15728, stack(0x000000b457100000,0x000000b457200000)]
  0x00000261fa20e000 JavaThread "File watcher server" daemon [_thread_in_native, id=11944, stack(0x000000b457200000,0x000000b457300000)]
  0x00000261fa20f000 JavaThread "File watcher consumer" daemon [_thread_blocked, id=16092, stack(0x000000b457300000,0x000000b457400000)]
  0x00000261fa20d800 JavaThread "Cache worker for checksums cache (G:\Clima-Flutter-Completed\android\.gradle\checksums)" [_thread_blocked, id=10000, stack(0x000000b457400000,0x000000b457500000)]
  0x00000261fc71e000 JavaThread "Cache worker for cache directory md-supplier (C:\Users\HP\.gradle\caches\7.0.2\md-supplier)" [_thread_blocked, id=16684, stack(0x000000b457500000,0x000000b457600000)]
  0x00000261fc71a000 JavaThread "Cache worker for cache directory md-rule (C:\Users\HP\.gradle\caches\7.0.2\md-rule)" [_thread_blocked, id=19084, stack(0x000000b457600000,0x000000b457700000)]
  0x00000261fc71d800 JavaThread "Cache worker for execution history cache (C:\Users\HP\.gradle\caches\7.0.2\executionHistory)" [_thread_blocked, id=12248, stack(0x000000b457700000,0x000000b457800000)]
  0x00000261fc722000 JavaThread "jar transforms" [_thread_blocked, id=14608, stack(0x000000b457800000,0x000000b457900000)]
  0x00000261fc71c800 JavaThread "jar transforms Thread 2" [_thread_blocked, id=2224, stack(0x000000b457900000,0x000000b457a00000)]
  0x00000261fc71f800 JavaThread "Cache worker for file content cache (C:\Users\HP\.gradle\caches\7.0.2\fileContent)" [_thread_blocked, id=16468, stack(0x000000b457a00000,0x000000b457b00000)]
  0x00000261fc71f000 JavaThread "Cache worker for dependencies-accessors (G:\Clima-Flutter-Completed\android\.gradle\7.0.2\dependencies-accessors)" [_thread_blocked, id=19176, stack(0x000000b457b00000,0x000000b457c00000)]
  0x00000261fc723000 JavaThread "jar transforms Thread 3" [_thread_blocked, id=2324, stack(0x000000b457c00000,0x000000b457d00000)]
  0x00000261fc725800 JavaThread "Cache worker for Build Output Cleanup Cache (G:\Clima-Flutter-Completed\android\.gradle\buildOutputCleanup)" [_thread_blocked, id=17656, stack(0x000000b457d00000,0x000000b457e00000)]
  0x00000261fc727000 JavaThread "Build operations" [_thread_blocked, id=15028, stack(0x000000b457e00000,0x000000b457f00000)]
  0x00000261fc728800 JavaThread "Build operations Thread 2" [_thread_blocked, id=14592, stack(0x000000b457f00000,0x000000b458000000)]
  0x00000261fc724000 JavaThread "Build operations Thread 3" [_thread_blocked, id=10848, stack(0x000000b458100000,0x000000b458200000)]
  0x00000261fc726000 JavaThread "Build operations Thread 4" [_thread_blocked, id=6824, stack(0x000000b458200000,0x000000b458300000)]
  0x00000261fc728000 JavaThread "Build operations Thread 5" [_thread_blocked, id=19136, stack(0x000000b458300000,0x000000b458400000)]
  0x00000261fcfa5000 JavaThread "Build operations Thread 6" [_thread_blocked, id=6276, stack(0x000000b458400000,0x000000b458500000)]
  0x00000261fcfa6800 JavaThread "Build operations Thread 7" [_thread_blocked, id=17448, stack(0x000000b458500000,0x000000b458600000)]
  0x00000261fcfaa000 JavaThread "Build operations Thread 8" [_thread_blocked, id=14308, stack(0x000000b458600000,0x000000b458700000)]
  0x00000261fcfa7800 JavaThread "Build operations Thread 9" [_thread_blocked, id=17228, stack(0x000000b458700000,0x000000b458800000)]
  0x00000261fcfab000 JavaThread "Build operations Thread 10" [_thread_blocked, id=18748, stack(0x000000b458800000,0x000000b458900000)]
  0x00000261fcfab800 JavaThread "Build operations Thread 11" [_thread_blocked, id=3704, stack(0x000000b458900000,0x000000b458a00000)]
  0x00000261fcfa9000 JavaThread "Build operations Thread 12" [_thread_blocked, id=2968, stack(0x000000b458a00000,0x000000b458b00000)]
  0x00000261fcfa6000 JavaThread "jar transforms Thread 4" [_thread_blocked, id=5248, stack(0x000000b457000000,0x000000b457100000)]
  0x00000261fcfac800 JavaThread "jar transforms Thread 5" [_thread_blocked, id=10792, stack(0x000000b458b00000,0x000000b458c00000)]
  0x00000261fcfad000 JavaThread "jar transforms Thread 6" [_thread_blocked, id=15876, stack(0x000000b458c00000,0x000000b458d00000)]
  0x00000261fcfae000 JavaThread "jar transforms Thread 7" [_thread_blocked, id=19384, stack(0x000000b458d00000,0x000000b458e00000)]
  0x00000261fcfa8800 JavaThread "jar transforms Thread 8" [_thread_blocked, id=11164, stack(0x000000b458e00000,0x000000b458f00000)]
  0x00000261fcfb0800 JavaThread "jar transforms Thread 9" [_thread_blocked, id=19296, stack(0x000000b458f00000,0x000000b459000000)]
  0x00000261fcfb1800 JavaThread "jar transforms Thread 10" [_thread_blocked, id=15484, stack(0x000000b459000000,0x000000b459100000)]
  0x00000261fcfb4000 JavaThread "jar transforms Thread 11" [_thread_blocked, id=18820, stack(0x000000b459100000,0x000000b459200000)]
  0x00000261fcfb3000 JavaThread "jar transforms Thread 12" [_thread_blocked, id=13296, stack(0x000000b459200000,0x000000b459300000)]
  0x00000261fcfb2000 JavaThread "Memory manager" [_thread_blocked, id=9000, stack(0x000000b459300000,0x000000b459400000)]

Other Threads:
  0x00000261f7765000 VMThread "VM Thread" [stack: 0x000000b454c00000,0x000000b454d00000] [id=15720]
  0x00000261f829e000 WatcherThread [stack: 0x000000b455600000,0x000000b455700000] [id=11912]
  0x00000261de1ae800 GCTaskThread "GC Thread#0" [stack: 0x000000b454700000,0x000000b454800000] [id=2820]
  0x00000261f8e04000 GCTaskThread "GC Thread#1" [stack: 0x000000b455800000,0x000000b455900000] [id=14424]
  0x00000261f9a15800 GCTaskThread "GC Thread#2" [stack: 0x000000b456200000,0x000000b456300000] [id=2388]
  0x00000261f9558000 GCTaskThread "GC Thread#3" [stack: 0x000000b456300000,0x000000b456400000] [id=14936]
  0x00000261f9909800 GCTaskThread "GC Thread#4" [stack: 0x000000b456400000,0x000000b456500000] [id=10704]
  0x00000261f9288000 GCTaskThread "GC Thread#5" [stack: 0x000000b456500000,0x000000b456600000] [id=5900]
  0x00000261fa04e000 GCTaskThread "GC Thread#6" [stack: 0x000000b456600000,0x000000b456700000] [id=15572]
  0x00000261f9f7c000 GCTaskThread "GC Thread#7" [stack: 0x000000b456700000,0x000000b456800000] [id=13700]
  0x00000261fa1a3800 GCTaskThread "GC Thread#8" [stack: 0x000000b456800000,0x000000b456900000] [id=18620]
  0x00000261fa67c800 GCTaskThread "GC Thread#9" [stack: 0x000000b456900000,0x000000b456a00000] [id=3300]
  0x00000261de1d4000 ConcurrentGCThread "G1 Main Marker" [stack: 0x000000b454800000,0x000000b454900000] [id=15756]
  0x00000261de1d6000 ConcurrentGCThread "G1 Conc#0" [stack: 0x000000b454900000,0x000000b454a00000] [id=19152]
  0x00000261fa677800 ConcurrentGCThread "G1 Conc#1" [stack: 0x000000b456e00000,0x000000b456f00000] [id=15080]
  0x00000261fa67d000 ConcurrentGCThread "G1 Conc#2" [stack: 0x000000b456f00000,0x000000b457000000] [id=19008]
  0x00000261f75d0800 ConcurrentGCThread "G1 Refine#0" [stack: 0x000000b454a00000,0x000000b454b00000] [id=5028]
  0x00000261f88b7000 ConcurrentGCThread "G1 Refine#1" [stack: 0x000000b456a00000,0x000000b456b00000] [id=2552]
  0x00000261f75d1800 ConcurrentGCThread "G1 Young RemSet Sampling" [stack: 0x000000b454b00000,0x000000b454c00000] [id=10772]

Threads with active compile tasks:
C2 CompilerThread0    26585 10828   !   4       java.util.jar.Attributes::read (354 bytes)

VM state:not at safepoint (normal execution)

VM Mutex/Monitor currently owned by a thread: None

Heap address: 0x00000000a0000000, size: 1536 MB, Compressed Oops mode: 32-bit
Narrow klass base: 0x0000000000000000, Narrow klass shift: 3
Compressed class space size: 1073741824 Address: 0x0000000100000000

Heap:
 garbage-first heap   total 372736K, used 239236K [0x00000000a0000000, 0x0000000100000000)
  region size 1024K, 162 young (165888K), 6 survivors (6144K)
 Metaspace       used 78734K, capacity 80768K, committed 80808K, reserved 1120256K
  class space    used 9601K, capacity 10301K, committed 10316K, reserved 1048576K
Heap Regions: E=young(eden), S=young(survivor), O=old, HS=humongous(starts), HC=humongous(continues), CS=collection set, F=free, A=archive, TAMS=top-at-mark-start (previous, next)
|   0|0x00000000a0000000, 0x00000000a0100000, 0x00000000a0100000|100%| O|  |TAMS 0x00000000a0100000, 0x00000000a0000000| Untracked 
|   1|0x00000000a0100000, 0x00000000a0200000, 0x00000000a0200000|100%| O|  |TAMS 0x00000000a0200000, 0x00000000a0100000| Untracked 
|   2|0x00000000a0200000, 0x00000000a0300000, 0x00000000a0300000|100%| O|  |TAMS 0x00000000a0300000, 0x00000000a0200000| Untracked 
|   3|0x00000000a0300000, 0x00000000a0400000, 0x00000000a0400000|100%|HS|  |TAMS 0x00000000a0400000, 0x00000000a0300000| Complete 
|   4|0x00000000a0400000, 0x00000000a0500000, 0x00000000a0500000|100%|HC|  |TAMS 0x00000000a0500000, 0x00000000a0400000| Complete 
|   5|0x00000000a0500000, 0x00000000a0600000, 0x00000000a0600000|100%|HC|  |TAMS 0x00000000a0600000, 0x00000000a0500000| Complete 
|   6|0x00000000a0600000, 0x00000000a0700000, 0x00000000a0700000|100%| O|  |TAMS 0x00000000a0700000, 0x00000000a0600000| Untracked 
|   7|0x00000000a0700000, 0x00000000a0800000, 0x00000000a0800000|100%| O|  |TAMS 0x00000000a0800000, 0x00000000a0700000| Untracked 
|   8|0x00000000a0800000, 0x00000000a0900000, 0x00000000a0900000|100%| O|  |TAMS 0x00000000a0900000, 0x00000000a0800000| Untracked 
|   9|0x00000000a0900000, 0x00000000a0a00000, 0x00000000a0a00000|100%| O|  |TAMS 0x00000000a0a00000, 0x00000000a0900000| Untracked 
|  10|0x00000000a0a00000, 0x00000000a0b00000, 0x00000000a0b00000|100%| O|  |TAMS 0x00000000a0b00000, 0x00000000a0a00000| Untracked 
|  11|0x00000000a0b00000, 0x00000000a0c00000, 0x00000000a0c00000|100%| O|  |TAMS 0x00000000a0c00000, 0x00000000a0b00000| Untracked 
|  12|0x00000000a0c00000, 0x00000000a0d00000, 0x00000000a0d00000|100%| O|  |TAMS 0x00000000a0d00000, 0x00000000a0c00000| Untracked 
|  13|0x00000000a0d00000, 0x00000000a0e00000, 0x00000000a0e00000|100%| O|  |TAMS 0x00000000a0e00000, 0x00000000a0d00000| Untracked 
|  14|0x00000000a0e00000, 0x00000000a0f00000, 0x00000000a0f00000|100%| O|  |TAMS 0x00000000a0f00000, 0x00000000a0e00000| Untracked 
|  15|0x00000000a0f00000, 0x00000000a1000000, 0x00000000a1000000|100%| O|  |TAMS 0x00000000a1000000, 0x00000000a0f00000| Untracked 
|  16|0x00000000a1000000, 0x00000000a1100000, 0x00000000a1100000|100%| O|  |TAMS 0x00000000a1100000, 0x00000000a1000000| Untracked 
|  17|0x00000000a1100000, 0x00000000a1200000, 0x00000000a1200000|100%| O|  |TAMS 0x00000000a1200000, 0x00000000a1100000| Untracked 
|  18|0x00000000a1200000, 0x00000000a1300000, 0x00000000a1300000|100%| O|  |TAMS 0x00000000a1300000, 0x00000000a1200000| Untracked 
|  19|0x00000000a1300000, 0x00000000a1400000, 0x00000000a1400000|100%| O|  |TAMS 0x00000000a1400000, 0x00000000a1300000| Untracked 
|  20|0x00000000a1400000, 0x00000000a1500000, 0x00000000a1500000|100%| O|  |TAMS 0x00000000a1500000, 0x00000000a1400000| Untracked 
|  21|0x00000000a1500000, 0x00000000a1600000, 0x00000000a1600000|100%| O|  |TAMS 0x00000000a1600000, 0x00000000a1500000| Untracked 
|  22|0x00000000a1600000, 0x00000000a1700000, 0x00000000a1700000|100%| O|  |TAMS 0x00000000a1700000, 0x00000000a1600000| Untracked 
|  23|0x00000000a1700000, 0x00000000a1800000, 0x00000000a1800000|100%| O|  |TAMS 0x00000000a1800000, 0x00000000a1700000| Untracked 
|  24|0x00000000a1800000, 0x00000000a1900000, 0x00000000a1900000|100%| O|  |TAMS 0x00000000a1900000, 0x00000000a1800000| Untracked 
|  25|0x00000000a1900000, 0x00000000a1a00000, 0x00000000a1a00000|100%| O|  |TAMS 0x00000000a1a00000, 0x00000000a1900000| Untracked 
|  26|0x00000000a1a00000, 0x00000000a1b00000, 0x00000000a1b00000|100%| O|  |TAMS 0x00000000a1b00000, 0x00000000a1a00000| Untracked 
|  27|0x00000000a1b00000, 0x00000000a1c00000, 0x00000000a1c00000|100%| O|  |TAMS 0x00000000a1c00000, 0x00000000a1b00000| Untracked 
|  28|0x00000000a1c00000, 0x00000000a1d00000, 0x00000000a1d00000|100%| O|  |TAMS 0x00000000a1ca4c00, 0x00000000a1c00000| Untracked 
|  29|0x00000000a1d00000, 0x00000000a1e00000, 0x00000000a1e00000|100%| O|  |TAMS 0x00000000a1d00000, 0x00000000a1d00000| Untracked 
|  30|0x00000000a1e00000, 0x00000000a1f00000, 0x00000000a1f00000|100%| O|  |TAMS 0x00000000a1e00000, 0x00000000a1e00000| Untracked 
|  31|0x00000000a1f00000, 0x00000000a2000000, 0x00000000a2000000|100%| O|  |TAMS 0x00000000a1f00000, 0x00000000a1f00000| Untracked 
|  32|0x00000000a2000000, 0x00000000a2100000, 0x00000000a2100000|100%| O|  |TAMS 0x00000000a2000000, 0x00000000a2000000| Untracked 
|  33|0x00000000a2100000, 0x00000000a2200000, 0x00000000a2200000|100%|HS|  |TAMS 0x00000000a2100000, 0x00000000a2100000| Complete 
|  34|0x00000000a2200000, 0x00000000a2300000, 0x00000000a2300000|100%| O|  |TAMS 0x00000000a2200000, 0x00000000a2200000| Untracked 
|  35|0x00000000a2300000, 0x00000000a2400000, 0x00000000a2400000|100%| O|  |TAMS 0x00000000a2300000, 0x00000000a2300000| Untracked 
|  36|0x00000000a2400000, 0x00000000a2500000, 0x00000000a2500000|100%| O|  |TAMS 0x00000000a2400000, 0x00000000a2400000| Untracked 
|  37|0x00000000a2500000, 0x00000000a2600000, 0x00000000a2600000|100%| O|  |TAMS 0x00000000a2500000, 0x00000000a2500000| Untracked 
|  38|0x00000000a2600000, 0x00000000a2700000, 0x00000000a2700000|100%|HS|  |TAMS 0x00000000a2600000, 0x00000000a2600000| Complete 
|  39|0x00000000a2700000, 0x00000000a2800000, 0x00000000a2800000|100%| O|  |TAMS 0x00000000a2700000, 0x00000000a2700000| Untracked 
|  40|0x00000000a2800000, 0x00000000a2900000, 0x00000000a2900000|100%| O|  |TAMS 0x00000000a2800000, 0x00000000a2800000| Untracked 
|  41|0x00000000a2900000, 0x00000000a2a00000, 0x00000000a2a00000|100%| O|  |TAMS 0x00000000a2900000, 0x00000000a2900000| Untracked 
|  42|0x00000000a2a00000, 0x00000000a2b00000, 0x00000000a2b00000|100%| O|  |TAMS 0x00000000a2a00000, 0x00000000a2a00000| Untracked 
|  43|0x00000000a2b00000, 0x00000000a2c00000, 0x00000000a2c00000|100%| O|  |TAMS 0x00000000a2b00000, 0x00000000a2b00000| Untracked 
|  44|0x00000000a2c00000, 0x00000000a2d00000, 0x00000000a2d00000|100%| O|  |TAMS 0x00000000a2c00000, 0x00000000a2c00000| Untracked 
|  45|0x00000000a2d00000, 0x00000000a2e00000, 0x00000000a2e00000|100%|HS|  |TAMS 0x00000000a2d00000, 0x00000000a2d00000| Complete 
|  46|0x00000000a2e00000, 0x00000000a2f00000, 0x00000000a2f00000|100%|HC|  |TAMS 0x00000000a2e00000, 0x00000000a2e00000| Complete 
|  47|0x00000000a2f00000, 0x00000000a3000000, 0x00000000a3000000|100%| O|  |TAMS 0x00000000a2f00000, 0x00000000a2f00000| Untracked 
|  48|0x00000000a3000000, 0x00000000a3100000, 0x00000000a3100000|100%| O|  |TAMS 0x00000000a3000000, 0x00000000a3000000| Untracked 
|  49|0x00000000a3100000, 0x00000000a3200000, 0x00000000a3200000|100%| O|  |TAMS 0x00000000a3100000, 0x00000000a3100000| Untracked 
|  50|0x00000000a3200000, 0x00000000a3300000, 0x00000000a3300000|100%| O|  |TAMS 0x00000000a3200000, 0x00000000a3200000| Untracked 
|  51|0x00000000a3300000, 0x00000000a3400000, 0x00000000a3400000|100%| O|  |TAMS 0x00000000a3300000, 0x00000000a3300000| Untracked 
|  52|0x00000000a3400000, 0x00000000a3500000, 0x00000000a3500000|100%| O|  |TAMS 0x00000000a3400000, 0x00000000a3400000| Untracked 
|  53|0x00000000a3500000, 0x00000000a3600000, 0x00000000a3600000|100%| O|  |TAMS 0x00000000a3500000, 0x00000000a3500000| Untracked 
|  54|0x00000000a3600000, 0x00000000a3700000, 0x00000000a3700000|100%| O|  |TAMS 0x00000000a3600000, 0x00000000a3600000| Untracked 
|  55|0x00000000a3700000, 0x00000000a3800000, 0x00000000a3800000|100%| O|  |TAMS 0x00000000a3700000, 0x00000000a3700000| Untracked 
|  56|0x00000000a3800000, 0x00000000a3900000, 0x00000000a3900000|100%| O|  |TAMS 0x00000000a3800000, 0x00000000a3800000| Untracked 
|  57|0x00000000a3900000, 0x00000000a3a00000, 0x00000000a3a00000|100%| O|  |TAMS 0x00000000a3900000, 0x00000000a3900000| Untracked 
|  58|0x00000000a3a00000, 0x00000000a3b00000, 0x00000000a3b00000|100%| O|  |TAMS 0x00000000a3a00000, 0x00000000a3a00000| Untracked 
|  59|0x00000000a3b00000, 0x00000000a3c00000, 0x00000000a3c00000|100%| O|  |TAMS 0x00000000a3b00000, 0x00000000a3b00000| Untracked 
|  60|0x00000000a3c00000, 0x00000000a3d00000, 0x00000000a3d00000|100%|HS|  |TAMS 0x00000000a3c00000, 0x00000000a3c00000| Complete 
|  61|0x00000000a3d00000, 0x00000000a3e00000, 0x00000000a3e00000|100%| O|  |TAMS 0x00000000a3d00000, 0x00000000a3d00000| Untracked 
|  62|0x00000000a3e00000, 0x00000000a3f00000, 0x00000000a3f00000|100%| O|  |TAMS 0x00000000a3e00000, 0x00000000a3e00000| Untracked 
|  63|0x00000000a3f00000, 0x00000000a4000000, 0x00000000a4000000|100%| O|  |TAMS 0x00000000a3f00000, 0x00000000a3f00000| Untracked 
|  64|0x00000000a4000000, 0x00000000a4100000, 0x00000000a4100000|100%| O|  |TAMS 0x00000000a4000000, 0x00000000a4000000| Untracked 
|  65|0x00000000a4100000, 0x00000000a4200000, 0x00000000a4200000|100%| O|  |TAMS 0x00000000a4100000, 0x00000000a4100000| Untracked 
|  66|0x00000000a4200000, 0x00000000a4200000, 0x00000000a4300000|  0%| F|  |TAMS 0x00000000a4200000, 0x00000000a4200000| Untracked 
|  67|0x00000000a4300000, 0x00000000a4400000, 0x00000000a4400000|100%|HS|  |TAMS 0x00000000a4300000, 0x00000000a4300000| Complete 
|  68|0x00000000a4400000, 0x00000000a4400000, 0x00000000a4500000|  0%| F|  |TAMS 0x00000000a4400000, 0x00000000a4400000| Untracked 
|  69|0x00000000a4500000, 0x00000000a4600000, 0x00000000a4600000|100%| O|  |TAMS 0x00000000a4500000, 0x00000000a4500000| Untracked 
|  70|0x00000000a4600000, 0x00000000a4700000, 0x00000000a4700000|100%| O|  |TAMS 0x00000000a4600000, 0x00000000a4600000| Untracked 
|  71|0x00000000a4700000, 0x00000000a4800000, 0x00000000a4800000|100%| O|  |TAMS 0x00000000a4700000, 0x00000000a4700000| Untracked 
|  72|0x00000000a4800000, 0x00000000a4900000, 0x00000000a4900000|100%| O|  |TAMS 0x00000000a4800000, 0x00000000a4800000| Untracked 
|  73|0x00000000a4900000, 0x00000000a4a00000, 0x00000000a4a00000|100%| O|  |TAMS 0x00000000a4900000, 0x00000000a4900000| Untracked 
|  74|0x00000000a4a00000, 0x00000000a4b00000, 0x00000000a4b00000|100%| O|  |TAMS 0x00000000a4a00000, 0x00000000a4a00000| Untracked 
|  75|0x00000000a4b00000, 0x00000000a4b38200, 0x00000000a4c00000| 21%| O|  |TAMS 0x00000000a4b00000, 0x00000000a4b00000| Untracked 
|  76|0x00000000a4c00000, 0x00000000a4c00000, 0x00000000a4d00000|  0%| F|  |TAMS 0x00000000a4c00000, 0x00000000a4c00000| Untracked 
|  77|0x00000000a4d00000, 0x00000000a4d00000, 0x00000000a4e00000|  0%| F|  |TAMS 0x00000000a4d00000, 0x00000000a4d00000| Untracked 
|  78|0x00000000a4e00000, 0x00000000a4e00000, 0x00000000a4f00000|  0%| F|  |TAMS 0x00000000a4e00000, 0x00000000a4e00000| Untracked 
|  79|0x00000000a4f00000, 0x00000000a4f00000, 0x00000000a5000000|  0%| F|  |TAMS 0x00000000a4f00000, 0x00000000a4f00000| Untracked 
|  80|0x00000000a5000000, 0x00000000a5000000, 0x00000000a5100000|  0%| F|  |TAMS 0x00000000a5000000, 0x00000000a5000000| Untracked 
|  81|0x00000000a5100000, 0x00000000a5100000, 0x00000000a5200000|  0%| F|  |TAMS 0x00000000a5100000, 0x00000000a5100000| Untracked 
|  82|0x00000000a5200000, 0x00000000a5200000, 0x00000000a5300000|  0%| F|  |TAMS 0x00000000a5200000, 0x00000000a5200000| Untracked 
|  83|0x00000000a5300000, 0x00000000a5300000, 0x00000000a5400000|  0%| F|  |TAMS 0x00000000a5300000, 0x00000000a5300000| Untracked 
|  84|0x00000000a5400000, 0x00000000a5400000, 0x00000000a5500000|  0%| F|  |TAMS 0x00000000a5400000, 0x00000000a5400000| Untracked 
|  85|0x00000000a5500000, 0x00000000a5500000, 0x00000000a5600000|  0%| F|  |TAMS 0x00000000a5500000, 0x00000000a5500000| Untracked 
|  86|0x00000000a5600000, 0x00000000a5600000, 0x00000000a5700000|  0%| F|  |TAMS 0x00000000a5600000, 0x00000000a5600000| Untracked 
|  87|0x00000000a5700000, 0x00000000a5700000, 0x00000000a5800000|  0%| F|  |TAMS 0x00000000a5700000, 0x00000000a5700000| Untracked 
|  88|0x00000000a5800000, 0x00000000a5800000, 0x00000000a5900000|  0%| F|  |TAMS 0x00000000a5800000, 0x00000000a5800000| Untracked 
|  89|0x00000000a5900000, 0x00000000a5900000, 0x00000000a5a00000|  0%| F|  |TAMS 0x00000000a5900000, 0x00000000a5900000| Untracked 
|  90|0x00000000a5a00000, 0x00000000a5a00000, 0x00000000a5b00000|  0%| F|  |TAMS 0x00000000a5a00000, 0x00000000a5a00000| Untracked 
|  91|0x00000000a5b00000, 0x00000000a5b00000, 0x00000000a5c00000|  0%| F|  |TAMS 0x00000000a5b00000, 0x00000000a5b00000| Untracked 
|  92|0x00000000a5c00000, 0x00000000a5c00000, 0x00000000a5d00000|  0%| F|  |TAMS 0x00000000a5c00000, 0x00000000a5c00000| Untracked 
|  93|0x00000000a5d00000, 0x00000000a5d00000, 0x00000000a5e00000|  0%| F|  |TAMS 0x00000000a5d00000, 0x00000000a5d00000| Untracked 
|  94|0x00000000a5e00000, 0x00000000a5e00000, 0x00000000a5f00000|  0%| F|  |TAMS 0x00000000a5e00000, 0x00000000a5e00000| Untracked 
|  95|0x00000000a5f00000, 0x00000000a5f00000, 0x00000000a6000000|  0%| F|  |TAMS 0x00000000a5f00000, 0x00000000a5f00000| Untracked 
|  96|0x00000000a6000000, 0x00000000a6000000, 0x00000000a6100000|  0%| F|  |TAMS 0x00000000a6000000, 0x00000000a6000000| Untracked 
|  97|0x00000000a6100000, 0x00000000a6100000, 0x00000000a6200000|  0%| F|  |TAMS 0x00000000a6100000, 0x00000000a6100000| Untracked 
|  98|0x00000000a6200000, 0x00000000a6200000, 0x00000000a6300000|  0%| F|  |TAMS 0x00000000a6200000, 0x00000000a6200000| Untracked 
|  99|0x00000000a6300000, 0x00000000a6300000, 0x00000000a6400000|  0%| F|  |TAMS 0x00000000a6300000, 0x00000000a6300000| Untracked 
| 100|0x00000000a6400000, 0x00000000a6400000, 0x00000000a6500000|  0%| F|  |TAMS 0x00000000a6400000, 0x00000000a6400000| Untracked 
| 101|0x00000000a6500000, 0x00000000a6500000, 0x00000000a6600000|  0%| F|  |TAMS 0x00000000a6500000, 0x00000000a6500000| Untracked 
| 102|0x00000000a6600000, 0x00000000a6600000, 0x00000000a6700000|  0%| F|  |TAMS 0x00000000a6600000, 0x00000000a6600000| Untracked 
| 103|0x00000000a6700000, 0x00000000a6700000, 0x00000000a6800000|  0%| F|  |TAMS 0x00000000a6700000, 0x00000000a6700000| Untracked 
| 104|0x00000000a6800000, 0x00000000a6800000, 0x00000000a6900000|  0%| F|  |TAMS 0x00000000a6800000, 0x00000000a6800000| Untracked 
| 105|0x00000000a6900000, 0x00000000a6900000, 0x00000000a6a00000|  0%| F|  |TAMS 0x00000000a6900000, 0x00000000a6900000| Untracked 
| 106|0x00000000a6a00000, 0x00000000a6a00000, 0x00000000a6b00000|  0%| F|  |TAMS 0x00000000a6a00000, 0x00000000a6a00000| Untracked 
| 107|0x00000000a6b00000, 0x00000000a6b00000, 0x00000000a6c00000|  0%| F|  |TAMS 0x00000000a6b00000, 0x00000000a6b00000| Untracked 
| 108|0x00000000a6c00000, 0x00000000a6c00000, 0x00000000a6d00000|  0%| F|  |TAMS 0x00000000a6c00000, 0x00000000a6c00000| Untracked 
| 109|0x00000000a6d00000, 0x00000000a6d00000, 0x00000000a6e00000|  0%| F|  |TAMS 0x00000000a6d00000, 0x00000000a6d00000| Untracked 
| 110|0x00000000a6e00000, 0x00000000a6e00000, 0x00000000a6f00000|  0%| F|  |TAMS 0x00000000a6e00000, 0x00000000a6e00000| Untracked 
| 111|0x00000000a6f00000, 0x00000000a6f00000, 0x00000000a7000000|  0%| F|  |TAMS 0x00000000a6f00000, 0x00000000a6f00000| Untracked 
| 112|0x00000000a7000000, 0x00000000a7000000, 0x00000000a7100000|  0%| F|  |TAMS 0x00000000a7000000, 0x00000000a7000000| Untracked 
| 113|0x00000000a7100000, 0x00000000a7100000, 0x00000000a7200000|  0%| F|  |TAMS 0x00000000a7100000, 0x00000000a7100000| Untracked 
| 114|0x00000000a7200000, 0x00000000a7200000, 0x00000000a7300000|  0%| F|  |TAMS 0x00000000a7200000, 0x00000000a7200000| Untracked 
| 115|0x00000000a7300000, 0x00000000a7300000, 0x00000000a7400000|  0%| F|  |TAMS 0x00000000a7300000, 0x00000000a7300000| Untracked 
| 116|0x00000000a7400000, 0x00000000a7400000, 0x00000000a7500000|  0%| F|  |TAMS 0x00000000a7400000, 0x00000000a7400000| Untracked 
| 117|0x00000000a7500000, 0x00000000a7500000, 0x00000000a7600000|  0%| F|  |TAMS 0x00000000a7500000, 0x00000000a7500000| Untracked 
| 118|0x00000000a7600000, 0x00000000a7600000, 0x00000000a7700000|  0%| F|  |TAMS 0x00000000a7600000, 0x00000000a7600000| Untracked 
| 119|0x00000000a7700000, 0x00000000a7700000, 0x00000000a7800000|  0%| F|  |TAMS 0x00000000a7700000, 0x00000000a7700000| Untracked 
| 120|0x00000000a7800000, 0x00000000a7800000, 0x00000000a7900000|  0%| F|  |TAMS 0x00000000a7800000, 0x00000000a7800000| Untracked 
| 121|0x00000000a7900000, 0x00000000a7900000, 0x00000000a7a00000|  0%| F|  |TAMS 0x00000000a7900000, 0x00000000a7900000| Untracked 
| 122|0x00000000a7a00000, 0x00000000a7a00000, 0x00000000a7b00000|  0%| F|  |TAMS 0x00000000a7a00000, 0x00000000a7a00000| Untracked 
| 123|0x00000000a7b00000, 0x00000000a7b00000, 0x00000000a7c00000|  0%| F|  |TAMS 0x00000000a7b00000, 0x00000000a7b00000| Untracked 
| 124|0x00000000a7c00000, 0x00000000a7c00000, 0x00000000a7d00000|  0%| F|  |TAMS 0x00000000a7c00000, 0x00000000a7c00000| Untracked 
| 125|0x00000000a7d00000, 0x00000000a7d00000, 0x00000000a7e00000|  0%| F|  |TAMS 0x00000000a7d00000, 0x00000000a7d00000| Untracked 
| 126|0x00000000a7e00000, 0x00000000a7e00000, 0x00000000a7f00000|  0%| F|  |TAMS 0x00000000a7e00000, 0x00000000a7e00000| Untracked 
| 127|0x00000000a7f00000, 0x00000000a7f00000, 0x00000000a8000000|  0%| F|  |TAMS 0x00000000a7f00000, 0x00000000a7f00000| Untracked 
| 128|0x00000000a8000000, 0x00000000a8000000, 0x00000000a8100000|  0%| F|  |TAMS 0x00000000a8000000, 0x00000000a8000000| Untracked 
| 129|0x00000000a8100000, 0x00000000a8100000, 0x00000000a8200000|  0%| F|  |TAMS 0x00000000a8100000, 0x00000000a8100000| Untracked 
| 130|0x00000000a8200000, 0x00000000a8200000, 0x00000000a8300000|  0%| F|  |TAMS 0x00000000a8200000, 0x00000000a8200000| Untracked 
| 131|0x00000000a8300000, 0x00000000a8300000, 0x00000000a8400000|  0%| F|  |TAMS 0x00000000a8300000, 0x00000000a8300000| Untracked 
| 132|0x00000000a8400000, 0x00000000a8400000, 0x00000000a8500000|  0%| F|  |TAMS 0x00000000a8400000, 0x00000000a8400000| Untracked 
| 133|0x00000000a8500000, 0x00000000a8500000, 0x00000000a8600000|  0%| F|  |TAMS 0x00000000a8500000, 0x00000000a8500000| Untracked 
| 134|0x00000000a8600000, 0x00000000a8600000, 0x00000000a8700000|  0%| F|  |TAMS 0x00000000a8600000, 0x00000000a8600000| Untracked 
| 135|0x00000000a8700000, 0x00000000a8700000, 0x00000000a8800000|  0%| F|  |TAMS 0x00000000a8700000, 0x00000000a8700000| Untracked 
| 136|0x00000000a8800000, 0x00000000a8800000, 0x00000000a8900000|  0%| F|  |TAMS 0x00000000a8800000, 0x00000000a8800000| Untracked 
| 137|0x00000000a8900000, 0x00000000a8900000, 0x00000000a8a00000|  0%| F|  |TAMS 0x00000000a8900000, 0x00000000a8900000| Untracked 
| 138|0x00000000a8a00000, 0x00000000a8a00000, 0x00000000a8b00000|  0%| F|  |TAMS 0x00000000a8a00000, 0x00000000a8a00000| Untracked 
| 139|0x00000000a8b00000, 0x00000000a8b00000, 0x00000000a8c00000|  0%| F|  |TAMS 0x00000000a8b00000, 0x00000000a8b00000| Untracked 
| 140|0x00000000a8c00000, 0x00000000a8c69000, 0x00000000a8d00000| 41%| S|CS|TAMS 0x00000000a8c00000, 0x00000000a8c00000| Complete 
| 141|0x00000000a8d00000, 0x00000000a8e00000, 0x00000000a8e00000|100%| S|CS|TAMS 0x00000000a8d00000, 0x00000000a8d00000| Complete 
| 142|0x00000000a8e00000, 0x00000000a8f00000, 0x00000000a8f00000|100%| S|CS|TAMS 0x00000000a8e00000, 0x00000000a8e00000| Complete 
| 143|0x00000000a8f00000, 0x00000000a9000000, 0x00000000a9000000|100%| S|CS|TAMS 0x00000000a8f00000, 0x00000000a8f00000| Complete 
| 144|0x00000000a9000000, 0x00000000a9100000, 0x00000000a9100000|100%| S|CS|TAMS 0x00000000a9000000, 0x00000000a9000000| Complete 
| 145|0x00000000a9100000, 0x00000000a9200000, 0x00000000a9200000|100%| S|CS|TAMS 0x00000000a9100000, 0x00000000a9100000| Complete 
| 146|0x00000000a9200000, 0x00000000a9200000, 0x00000000a9300000|  0%| F|  |TAMS 0x00000000a9200000, 0x00000000a9200000| Untracked 
| 147|0x00000000a9300000, 0x00000000a9300000, 0x00000000a9400000|  0%| F|  |TAMS 0x00000000a9300000, 0x00000000a9300000| Untracked 
| 148|0x00000000a9400000, 0x00000000a9400000, 0x00000000a9500000|  0%| F|  |TAMS 0x00000000a9400000, 0x00000000a9400000| Untracked 
| 149|0x00000000a9500000, 0x00000000a9500000, 0x00000000a9600000|  0%| F|  |TAMS 0x00000000a9500000, 0x00000000a9500000| Untracked 
| 150|0x00000000a9600000, 0x00000000a9600000, 0x00000000a9700000|  0%| F|  |TAMS 0x00000000a9600000, 0x00000000a9600000| Untracked 
| 151|0x00000000a9700000, 0x00000000a9700000, 0x00000000a9800000|  0%| F|  |TAMS 0x00000000a9700000, 0x00000000a9700000| Untracked 
| 152|0x00000000a9800000, 0x00000000a9800000, 0x00000000a9900000|  0%| F|  |TAMS 0x00000000a9800000, 0x00000000a9800000| Untracked 
| 153|0x00000000a9900000, 0x00000000a9900000, 0x00000000a9a00000|  0%| F|  |TAMS 0x00000000a9900000, 0x00000000a9900000| Untracked 
| 154|0x00000000a9a00000, 0x00000000a9a00000, 0x00000000a9b00000|  0%| F|  |TAMS 0x00000000a9a00000, 0x00000000a9a00000| Untracked 
| 155|0x00000000a9b00000, 0x00000000a9b00000, 0x00000000a9c00000|  0%| F|  |TAMS 0x00000000a9b00000, 0x00000000a9b00000| Untracked 
| 156|0x00000000a9c00000, 0x00000000a9c00000, 0x00000000a9d00000|  0%| F|  |TAMS 0x00000000a9c00000, 0x00000000a9c00000| Untracked 
| 157|0x00000000a9d00000, 0x00000000a9d00000, 0x00000000a9e00000|  0%| F|  |TAMS 0x00000000a9d00000, 0x00000000a9d00000| Untracked 
| 158|0x00000000a9e00000, 0x00000000a9e00000, 0x00000000a9f00000|  0%| F|  |TAMS 0x00000000a9e00000, 0x00000000a9e00000| Untracked 
| 159|0x00000000a9f00000, 0x00000000a9f00000, 0x00000000aa000000|  0%| F|  |TAMS 0x00000000a9f00000, 0x00000000a9f00000| Untracked 
| 160|0x00000000aa000000, 0x00000000aa000000, 0x00000000aa100000|  0%| F|  |TAMS 0x00000000aa000000, 0x00000000aa000000| Untracked 
| 161|0x00000000aa100000, 0x00000000aa100000, 0x00000000aa200000|  0%| F|  |TAMS 0x00000000aa100000, 0x00000000aa100000| Untracked 
| 162|0x00000000aa200000, 0x00000000aa200000, 0x00000000aa300000|  0%| F|  |TAMS 0x00000000aa200000, 0x00000000aa200000| Untracked 
| 163|0x00000000aa300000, 0x00000000aa300000, 0x00000000aa400000|  0%| F|  |TAMS 0x00000000aa300000, 0x00000000aa300000| Untracked 
| 164|0x00000000aa400000, 0x00000000aa400000, 0x00000000aa500000|  0%| F|  |TAMS 0x00000000aa400000, 0x00000000aa400000| Untracked 
| 165|0x00000000aa500000, 0x00000000aa500000, 0x00000000aa600000|  0%| F|  |TAMS 0x00000000aa500000, 0x00000000aa500000| Untracked 
| 166|0x00000000aa600000, 0x00000000aa600000, 0x00000000aa700000|  0%| F|  |TAMS 0x00000000aa600000, 0x00000000aa600000| Untracked 
| 167|0x00000000aa700000, 0x00000000aa700000, 0x00000000aa800000|  0%| F|  |TAMS 0x00000000aa700000, 0x00000000aa700000| Untracked 
| 168|0x00000000aa800000, 0x00000000aa800000, 0x00000000aa900000|  0%| F|  |TAMS 0x00000000aa800000, 0x00000000aa800000| Untracked 
| 169|0x00000000aa900000, 0x00000000aa900000, 0x00000000aaa00000|  0%| F|  |TAMS 0x00000000aa900000, 0x00000000aa900000| Untracked 
| 170|0x00000000aaa00000, 0x00000000aaa00000, 0x00000000aab00000|  0%| F|  |TAMS 0x00000000aaa00000, 0x00000000aaa00000| Untracked 
| 171|0x00000000aab00000, 0x00000000aab00000, 0x00000000aac00000|  0%| F|  |TAMS 0x00000000aab00000, 0x00000000aab00000| Untracked 
| 172|0x00000000aac00000, 0x00000000aac00000, 0x00000000aad00000|  0%| F|  |TAMS 0x00000000aac00000, 0x00000000aac00000| Untracked 
| 173|0x00000000aad00000, 0x00000000aad00000, 0x00000000aae00000|  0%| F|  |TAMS 0x00000000aad00000, 0x00000000aad00000| Untracked 
| 174|0x00000000aae00000, 0x00000000aae00000, 0x00000000aaf00000|  0%| F|  |TAMS 0x00000000aae00000, 0x00000000aae00000| Untracked 
| 175|0x00000000aaf00000, 0x00000000aaf00000, 0x00000000ab000000|  0%| F|  |TAMS 0x00000000aaf00000, 0x00000000aaf00000| Untracked 
| 176|0x00000000ab000000, 0x00000000ab000000, 0x00000000ab100000|  0%| F|  |TAMS 0x00000000ab000000, 0x00000000ab000000| Untracked 
| 177|0x00000000ab100000, 0x00000000ab100000, 0x00000000ab200000|  0%| F|  |TAMS 0x00000000ab100000, 0x00000000ab100000| Untracked 
| 178|0x00000000ab200000, 0x00000000ab200000, 0x00000000ab300000|  0%| F|  |TAMS 0x00000000ab200000, 0x00000000ab200000| Untracked 
| 179|0x00000000ab300000, 0x00000000ab300000, 0x00000000ab400000|  0%| F|  |TAMS 0x00000000ab300000, 0x00000000ab300000| Untracked 
| 180|0x00000000ab400000, 0x00000000ab400000, 0x00000000ab500000|  0%| F|  |TAMS 0x00000000ab400000, 0x00000000ab400000| Untracked 
| 181|0x00000000ab500000, 0x00000000ab500000, 0x00000000ab600000|  0%| F|  |TAMS 0x00000000ab500000, 0x00000000ab500000| Untracked 
| 182|0x00000000ab600000, 0x00000000ab600000, 0x00000000ab700000|  0%| F|  |TAMS 0x00000000ab600000, 0x00000000ab600000| Untracked 
| 183|0x00000000ab700000, 0x00000000ab700000, 0x00000000ab800000|  0%| F|  |TAMS 0x00000000ab700000, 0x00000000ab700000| Untracked 
| 184|0x00000000ab800000, 0x00000000ab800000, 0x00000000ab900000|  0%| F|  |TAMS 0x00000000ab800000, 0x00000000ab800000| Untracked 
| 185|0x00000000ab900000, 0x00000000ab900000, 0x00000000aba00000|  0%| F|  |TAMS 0x00000000ab900000, 0x00000000ab900000| Untracked 
| 186|0x00000000aba00000, 0x00000000aba00000, 0x00000000abb00000|  0%| F|  |TAMS 0x00000000aba00000, 0x00000000aba00000| Untracked 
| 187|0x00000000abb00000, 0x00000000abb00000, 0x00000000abc00000|  0%| F|  |TAMS 0x00000000abb00000, 0x00000000abb00000| Untracked 
| 188|0x00000000abc00000, 0x00000000abc00000, 0x00000000abd00000|  0%| F|  |TAMS 0x00000000abc00000, 0x00000000abc00000| Untracked 
| 189|0x00000000abd00000, 0x00000000abd00000, 0x00000000abe00000|  0%| F|  |TAMS 0x00000000abd00000, 0x00000000abd00000| Untracked 
| 190|0x00000000abe00000, 0x00000000abe00000, 0x00000000abf00000|  0%| F|  |TAMS 0x00000000abe00000, 0x00000000abe00000| Untracked 
| 191|0x00000000abf00000, 0x00000000abf00000, 0x00000000ac000000|  0%| F|  |TAMS 0x00000000abf00000, 0x00000000abf00000| Untracked 
| 192|0x00000000ac000000, 0x00000000ac000000, 0x00000000ac100000|  0%| F|  |TAMS 0x00000000ac000000, 0x00000000ac000000| Untracked 
| 193|0x00000000ac100000, 0x00000000ac100000, 0x00000000ac200000|  0%| F|  |TAMS 0x00000000ac100000, 0x00000000ac100000| Untracked 
| 194|0x00000000ac200000, 0x00000000ac200000, 0x00000000ac300000|  0%| F|  |TAMS 0x00000000ac200000, 0x00000000ac200000| Untracked 
| 195|0x00000000ac300000, 0x00000000ac300000, 0x00000000ac400000|  0%| F|  |TAMS 0x00000000ac300000, 0x00000000ac300000| Untracked 
| 196|0x00000000ac400000, 0x00000000ac400000, 0x00000000ac500000|  0%| F|  |TAMS 0x00000000ac400000, 0x00000000ac400000| Untracked 
| 197|0x00000000ac500000, 0x00000000ac500000, 0x00000000ac600000|  0%| F|  |TAMS 0x00000000ac500000, 0x00000000ac500000| Untracked 
| 198|0x00000000ac600000, 0x00000000ac600000, 0x00000000ac700000|  0%| F|  |TAMS 0x00000000ac600000, 0x00000000ac600000| Untracked 
| 199|0x00000000ac700000, 0x00000000ac700000, 0x00000000ac800000|  0%| F|  |TAMS 0x00000000ac700000, 0x00000000ac700000| Untracked 
| 200|0x00000000ac800000, 0x00000000ac800000, 0x00000000ac900000|  0%| F|  |TAMS 0x00000000ac800000, 0x00000000ac800000| Untracked 
| 201|0x00000000ac900000, 0x00000000ac900000, 0x00000000aca00000|  0%| F|  |TAMS 0x00000000ac900000, 0x00000000ac900000| Untracked 
| 202|0x00000000aca00000, 0x00000000aca00000, 0x00000000acb00000|  0%| F|  |TAMS 0x00000000aca00000, 0x00000000aca00000| Untracked 
| 203|0x00000000acb00000, 0x00000000acb00000, 0x00000000acc00000|  0%| F|  |TAMS 0x00000000acb00000, 0x00000000acb00000| Untracked 
| 204|0x00000000acc00000, 0x00000000acc00000, 0x00000000acd00000|  0%| F|  |TAMS 0x00000000acc00000, 0x00000000acc00000| Untracked 
| 205|0x00000000acd00000, 0x00000000acd00000, 0x00000000ace00000|  0%| F|  |TAMS 0x00000000acd00000, 0x00000000acd00000| Untracked 
| 206|0x00000000ace00000, 0x00000000ace00000, 0x00000000acf00000|  0%| F|  |TAMS 0x00000000ace00000, 0x00000000ace00000| Untracked 
| 207|0x00000000acf00000, 0x00000000acf885e0, 0x00000000ad000000| 53%| E|  |TAMS 0x00000000acf00000, 0x00000000acf00000| Complete 
| 208|0x00000000ad000000, 0x00000000ad100000, 0x00000000ad100000|100%| E|CS|TAMS 0x00000000ad000000, 0x00000000ad000000| Complete 
| 209|0x00000000ad100000, 0x00000000ad200000, 0x00000000ad200000|100%| E|CS|TAMS 0x00000000ad100000, 0x00000000ad100000| Complete 
| 210|0x00000000ad200000, 0x00000000ad300000, 0x00000000ad300000|100%| E|CS|TAMS 0x00000000ad200000, 0x00000000ad200000| Complete 
| 211|0x00000000ad300000, 0x00000000ad400000, 0x00000000ad400000|100%| E|CS|TAMS 0x00000000ad300000, 0x00000000ad300000| Complete 
| 212|0x00000000ad400000, 0x00000000ad500000, 0x00000000ad500000|100%| E|CS|TAMS 0x00000000ad400000, 0x00000000ad400000| Complete 
| 213|0x00000000ad500000, 0x00000000ad600000, 0x00000000ad600000|100%| E|CS|TAMS 0x00000000ad500000, 0x00000000ad500000| Complete 
| 214|0x00000000ad600000, 0x00000000ad700000, 0x00000000ad700000|100%| E|CS|TAMS 0x00000000ad600000, 0x00000000ad600000| Complete 
| 215|0x00000000ad700000, 0x00000000ad800000, 0x00000000ad800000|100%| E|CS|TAMS 0x00000000ad700000, 0x00000000ad700000| Complete 
| 216|0x00000000ad800000, 0x00000000ad900000, 0x00000000ad900000|100%| E|CS|TAMS 0x00000000ad800000, 0x00000000ad800000| Complete 
| 217|0x00000000ad900000, 0x00000000ada00000, 0x00000000ada00000|100%| E|CS|TAMS 0x00000000ad900000, 0x00000000ad900000| Complete 
| 218|0x00000000ada00000, 0x00000000adb00000, 0x00000000adb00000|100%| E|CS|TAMS 0x00000000ada00000, 0x00000000ada00000| Complete 
| 219|0x00000000adb00000, 0x00000000adc00000, 0x00000000adc00000|100%| E|CS|TAMS 0x00000000adb00000, 0x00000000adb00000| Complete 
| 220|0x00000000adc00000, 0x00000000add00000, 0x00000000add00000|100%| E|CS|TAMS 0x00000000adc00000, 0x00000000adc00000| Complete 
| 221|0x00000000add00000, 0x00000000ade00000, 0x00000000ade00000|100%| E|CS|TAMS 0x00000000add00000, 0x00000000add00000| Complete 
| 222|0x00000000ade00000, 0x00000000adf00000, 0x00000000adf00000|100%| E|CS|TAMS 0x00000000ade00000, 0x00000000ade00000| Complete 
| 223|0x00000000adf00000, 0x00000000ae000000, 0x00000000ae000000|100%| E|CS|TAMS 0x00000000adf00000, 0x00000000adf00000| Complete 
| 224|0x00000000ae000000, 0x00000000ae100000, 0x00000000ae100000|100%| E|CS|TAMS 0x00000000ae000000, 0x00000000ae000000| Complete 
| 225|0x00000000ae100000, 0x00000000ae200000, 0x00000000ae200000|100%| E|CS|TAMS 0x00000000ae100000, 0x00000000ae100000| Complete 
| 226|0x00000000ae200000, 0x00000000ae300000, 0x00000000ae300000|100%| E|CS|TAMS 0x00000000ae200000, 0x00000000ae200000| Complete 
| 227|0x00000000ae300000, 0x00000000ae400000, 0x00000000ae400000|100%| E|CS|TAMS 0x00000000ae300000, 0x00000000ae300000| Complete 
| 228|0x00000000ae400000, 0x00000000ae500000, 0x00000000ae500000|100%| E|CS|TAMS 0x00000000ae400000, 0x00000000ae400000| Complete 
| 229|0x00000000ae500000, 0x00000000ae600000, 0x00000000ae600000|100%| E|CS|TAMS 0x00000000ae500000, 0x00000000ae500000| Complete 
| 230|0x00000000ae600000, 0x00000000ae700000, 0x00000000ae700000|100%| E|CS|TAMS 0x00000000ae600000, 0x00000000ae600000| Complete 
| 231|0x00000000ae700000, 0x00000000ae800000, 0x00000000ae800000|100%| E|CS|TAMS 0x00000000ae700000, 0x00000000ae700000| Complete 
| 232|0x00000000ae800000, 0x00000000ae900000, 0x00000000ae900000|100%| E|CS|TAMS 0x00000000ae800000, 0x00000000ae800000| Complete 
| 233|0x00000000ae900000, 0x00000000aea00000, 0x00000000aea00000|100%| E|CS|TAMS 0x00000000ae900000, 0x00000000ae900000| Complete 
| 234|0x00000000aea00000, 0x00000000aeb00000, 0x00000000aeb00000|100%| E|CS|TAMS 0x00000000aea00000, 0x00000000aea00000| Complete 
| 235|0x00000000aeb00000, 0x00000000aec00000, 0x00000000aec00000|100%| E|CS|TAMS 0x00000000aeb00000, 0x00000000aeb00000| Complete 
| 236|0x00000000aec00000, 0x00000000aed00000, 0x00000000aed00000|100%| E|CS|TAMS 0x00000000aec00000, 0x00000000aec00000| Complete 
| 237|0x00000000aed00000, 0x00000000aee00000, 0x00000000aee00000|100%| E|CS|TAMS 0x00000000aed00000, 0x00000000aed00000| Complete 
| 238|0x00000000aee00000, 0x00000000aef00000, 0x00000000aef00000|100%| E|CS|TAMS 0x00000000aee00000, 0x00000000aee00000| Complete 
| 239|0x00000000aef00000, 0x00000000af000000, 0x00000000af000000|100%| E|CS|TAMS 0x00000000aef00000, 0x00000000aef00000| Complete 
| 240|0x00000000af000000, 0x00000000af100000, 0x00000000af100000|100%| E|CS|TAMS 0x00000000af000000, 0x00000000af000000| Complete 
| 241|0x00000000af100000, 0x00000000af200000, 0x00000000af200000|100%| E|CS|TAMS 0x00000000af100000, 0x00000000af100000| Complete 
| 242|0x00000000af200000, 0x00000000af300000, 0x00000000af300000|100%| E|CS|TAMS 0x00000000af200000, 0x00000000af200000| Complete 
| 243|0x00000000af300000, 0x00000000af400000, 0x00000000af400000|100%| E|CS|TAMS 0x00000000af300000, 0x00000000af300000| Complete 
| 244|0x00000000af400000, 0x00000000af500000, 0x00000000af500000|100%| E|CS|TAMS 0x00000000af400000, 0x00000000af400000| Complete 
| 245|0x00000000af500000, 0x00000000af600000, 0x00000000af600000|100%| E|CS|TAMS 0x00000000af500000, 0x00000000af500000| Complete 
| 246|0x00000000af600000, 0x00000000af700000, 0x00000000af700000|100%| E|CS|TAMS 0x00000000af600000, 0x00000000af600000| Complete 
| 247|0x00000000af700000, 0x00000000af800000, 0x00000000af800000|100%| E|CS|TAMS 0x00000000af700000, 0x00000000af700000| Complete 
| 248|0x00000000af800000, 0x00000000af900000, 0x00000000af900000|100%| E|CS|TAMS 0x00000000af800000, 0x00000000af800000| Complete 
| 249|0x00000000af900000, 0x00000000afa00000, 0x00000000afa00000|100%| E|CS|TAMS 0x00000000af900000, 0x00000000af900000| Complete 
| 250|0x00000000afa00000, 0x00000000afb00000, 0x00000000afb00000|100%| E|CS|TAMS 0x00000000afa00000, 0x00000000afa00000| Complete 
| 251|0x00000000afb00000, 0x00000000afc00000, 0x00000000afc00000|100%| E|CS|TAMS 0x00000000afb00000, 0x00000000afb00000| Complete 
| 252|0x00000000afc00000, 0x00000000afd00000, 0x00000000afd00000|100%| E|CS|TAMS 0x00000000afc00000, 0x00000000afc00000| Complete 
| 253|0x00000000afd00000, 0x00000000afe00000, 0x00000000afe00000|100%| E|CS|TAMS 0x00000000afd00000, 0x00000000afd00000| Complete 
| 254|0x00000000afe00000, 0x00000000aff00000, 0x00000000aff00000|100%| E|CS|TAMS 0x00000000afe00000, 0x00000000afe00000| Complete 
| 255|0x00000000aff00000, 0x00000000b0000000, 0x00000000b0000000|100%| E|CS|TAMS 0x00000000aff00000, 0x00000000aff00000| Complete 
| 256|0x00000000b0000000, 0x00000000b0100000, 0x00000000b0100000|100%| E|CS|TAMS 0x00000000b0000000, 0x00000000b0000000| Complete 
| 257|0x00000000b0100000, 0x00000000b0200000, 0x00000000b0200000|100%| E|CS|TAMS 0x00000000b0100000, 0x00000000b0100000| Complete 
| 258|0x00000000b0200000, 0x00000000b0300000, 0x00000000b0300000|100%| E|CS|TAMS 0x00000000b0200000, 0x00000000b0200000| Complete 
| 259|0x00000000b0300000, 0x00000000b0400000, 0x00000000b0400000|100%| E|CS|TAMS 0x00000000b0300000, 0x00000000b0300000| Complete 
| 260|0x00000000b0400000, 0x00000000b0500000, 0x00000000b0500000|100%| E|CS|TAMS 0x00000000b0400000, 0x00000000b0400000| Complete 
| 261|0x00000000b0500000, 0x00000000b0600000, 0x00000000b0600000|100%| E|CS|TAMS 0x00000000b0500000, 0x00000000b0500000| Complete 
| 262|0x00000000b0600000, 0x00000000b0700000, 0x00000000b0700000|100%| E|CS|TAMS 0x00000000b0600000, 0x00000000b0600000| Complete 
| 263|0x00000000b0700000, 0x00000000b0800000, 0x00000000b0800000|100%| E|CS|TAMS 0x00000000b0700000, 0x00000000b0700000| Complete 
| 264|0x00000000b0800000, 0x00000000b0900000, 0x00000000b0900000|100%| E|CS|TAMS 0x00000000b0800000, 0x00000000b0800000| Complete 
| 265|0x00000000b0900000, 0x00000000b0a00000, 0x00000000b0a00000|100%| E|CS|TAMS 0x00000000b0900000, 0x00000000b0900000| Complete 
| 266|0x00000000b0a00000, 0x00000000b0b00000, 0x00000000b0b00000|100%| E|CS|TAMS 0x00000000b0a00000, 0x00000000b0a00000| Complete 
| 267|0x00000000b0b00000, 0x00000000b0c00000, 0x00000000b0c00000|100%| E|CS|TAMS 0x00000000b0b00000, 0x00000000b0b00000| Complete 
| 268|0x00000000b0c00000, 0x00000000b0d00000, 0x00000000b0d00000|100%| E|CS|TAMS 0x00000000b0c00000, 0x00000000b0c00000| Complete 
| 269|0x00000000b0d00000, 0x00000000b0e00000, 0x00000000b0e00000|100%| E|CS|TAMS 0x00000000b0d00000, 0x00000000b0d00000| Complete 
| 270|0x00000000b0e00000, 0x00000000b0f00000, 0x00000000b0f00000|100%| E|CS|TAMS 0x00000000b0e00000, 0x00000000b0e00000| Complete 
| 271|0x00000000b0f00000, 0x00000000b1000000, 0x00000000b1000000|100%| E|CS|TAMS 0x00000000b0f00000, 0x00000000b0f00000| Complete 
| 272|0x00000000b1000000, 0x00000000b1100000, 0x00000000b1100000|100%| E|CS|TAMS 0x00000000b1000000, 0x00000000b1000000| Complete 
| 273|0x00000000b1100000, 0x00000000b1200000, 0x00000000b1200000|100%| E|CS|TAMS 0x00000000b1100000, 0x00000000b1100000| Complete 
| 274|0x00000000b1200000, 0x00000000b1300000, 0x00000000b1300000|100%| E|CS|TAMS 0x00000000b1200000, 0x00000000b1200000| Complete 
| 275|0x00000000b1300000, 0x00000000b1400000, 0x00000000b1400000|100%| E|CS|TAMS 0x00000000b1300000, 0x00000000b1300000| Complete 
| 276|0x00000000b1400000, 0x00000000b1500000, 0x00000000b1500000|100%| E|CS|TAMS 0x00000000b1400000, 0x00000000b1400000| Complete 
| 277|0x00000000b1500000, 0x00000000b1600000, 0x00000000b1600000|100%| E|CS|TAMS 0x00000000b1500000, 0x00000000b1500000| Complete 
| 278|0x00000000b1600000, 0x00000000b1700000, 0x00000000b1700000|100%| E|CS|TAMS 0x00000000b1600000, 0x00000000b1600000| Complete 
| 279|0x00000000b1700000, 0x00000000b1800000, 0x00000000b1800000|100%| E|CS|TAMS 0x00000000b1700000, 0x00000000b1700000| Complete 
| 280|0x00000000b1800000, 0x00000000b1900000, 0x00000000b1900000|100%| E|CS|TAMS 0x00000000b1800000, 0x00000000b1800000| Complete 
| 281|0x00000000b1900000, 0x00000000b1a00000, 0x00000000b1a00000|100%| E|CS|TAMS 0x00000000b1900000, 0x00000000b1900000| Complete 
| 282|0x00000000b1a00000, 0x00000000b1b00000, 0x00000000b1b00000|100%| E|CS|TAMS 0x00000000b1a00000, 0x00000000b1a00000| Complete 
| 283|0x00000000b1b00000, 0x00000000b1c00000, 0x00000000b1c00000|100%| E|CS|TAMS 0x00000000b1b00000, 0x00000000b1b00000| Complete 
| 284|0x00000000b1c00000, 0x00000000b1d00000, 0x00000000b1d00000|100%| E|CS|TAMS 0x00000000b1c00000, 0x00000000b1c00000| Complete 
| 285|0x00000000b1d00000, 0x00000000b1e00000, 0x00000000b1e00000|100%| E|CS|TAMS 0x00000000b1d00000, 0x00000000b1d00000| Complete 
| 286|0x00000000b1e00000, 0x00000000b1f00000, 0x00000000b1f00000|100%| E|CS|TAMS 0x00000000b1e00000, 0x00000000b1e00000| Complete 
| 287|0x00000000b1f00000, 0x00000000b2000000, 0x00000000b2000000|100%| E|CS|TAMS 0x00000000b1f00000, 0x00000000b1f00000| Complete 
| 288|0x00000000b2000000, 0x00000000b2100000, 0x00000000b2100000|100%| E|CS|TAMS 0x00000000b2000000, 0x00000000b2000000| Complete 
| 289|0x00000000b2100000, 0x00000000b2200000, 0x00000000b2200000|100%| E|CS|TAMS 0x00000000b2100000, 0x00000000b2100000| Complete 
| 290|0x00000000b2200000, 0x00000000b2300000, 0x00000000b2300000|100%| E|CS|TAMS 0x00000000b2200000, 0x00000000b2200000| Complete 
| 291|0x00000000b2300000, 0x00000000b2400000, 0x00000000b2400000|100%| E|CS|TAMS 0x00000000b2300000, 0x00000000b2300000| Complete 
| 292|0x00000000b2400000, 0x00000000b2500000, 0x00000000b2500000|100%| E|CS|TAMS 0x00000000b2400000, 0x00000000b2400000| Complete 
| 293|0x00000000b2500000, 0x00000000b2600000, 0x00000000b2600000|100%| E|CS|TAMS 0x00000000b2500000, 0x00000000b2500000| Complete 
| 294|0x00000000b2600000, 0x00000000b2700000, 0x00000000b2700000|100%| E|CS|TAMS 0x00000000b2600000, 0x00000000b2600000| Complete 
| 295|0x00000000b2700000, 0x00000000b2800000, 0x00000000b2800000|100%| E|CS|TAMS 0x00000000b2700000, 0x00000000b2700000| Complete 
| 296|0x00000000b2800000, 0x00000000b2900000, 0x00000000b2900000|100%| E|CS|TAMS 0x00000000b2800000, 0x00000000b2800000| Complete 
| 297|0x00000000b2900000, 0x00000000b2a00000, 0x00000000b2a00000|100%| E|CS|TAMS 0x00000000b2900000, 0x00000000b2900000| Complete 
| 298|0x00000000b2a00000, 0x00000000b2b00000, 0x00000000b2b00000|100%| E|CS|TAMS 0x00000000b2a00000, 0x00000000b2a00000| Complete 
| 299|0x00000000b2b00000, 0x00000000b2c00000, 0x00000000b2c00000|100%| E|CS|TAMS 0x00000000b2b00000, 0x00000000b2b00000| Complete 
| 300|0x00000000b2c00000, 0x00000000b2d00000, 0x00000000b2d00000|100%| E|CS|TAMS 0x00000000b2c00000, 0x00000000b2c00000| Complete 
| 301|0x00000000b2d00000, 0x00000000b2e00000, 0x00000000b2e00000|100%| E|CS|TAMS 0x00000000b2d00000, 0x00000000b2d00000| Complete 
| 302|0x00000000b2e00000, 0x00000000b2f00000, 0x00000000b2f00000|100%| E|CS|TAMS 0x00000000b2e00000, 0x00000000b2e00000| Complete 
| 303|0x00000000b2f00000, 0x00000000b3000000, 0x00000000b3000000|100%| E|CS|TAMS 0x00000000b2f00000, 0x00000000b2f00000| Complete 
| 304|0x00000000b3000000, 0x00000000b3100000, 0x00000000b3100000|100%| E|CS|TAMS 0x00000000b3000000, 0x00000000b3000000| Complete 
| 305|0x00000000b3100000, 0x00000000b3200000, 0x00000000b3200000|100%| E|CS|TAMS 0x00000000b3100000, 0x00000000b3100000| Complete 
| 306|0x00000000b3200000, 0x00000000b3300000, 0x00000000b3300000|100%| E|CS|TAMS 0x00000000b3200000, 0x00000000b3200000| Complete 
| 307|0x00000000b3300000, 0x00000000b3400000, 0x00000000b3400000|100%| E|CS|TAMS 0x00000000b3300000, 0x00000000b3300000| Complete 
| 308|0x00000000b3400000, 0x00000000b3500000, 0x00000000b3500000|100%| E|CS|TAMS 0x00000000b3400000, 0x00000000b3400000| Complete 
| 309|0x00000000b3500000, 0x00000000b3600000, 0x00000000b3600000|100%| E|CS|TAMS 0x00000000b3500000, 0x00000000b3500000| Complete 
| 310|0x00000000b3600000, 0x00000000b3700000, 0x00000000b3700000|100%| E|CS|TAMS 0x00000000b3600000, 0x00000000b3600000| Complete 
| 311|0x00000000b3700000, 0x00000000b3800000, 0x00000000b3800000|100%| E|CS|TAMS 0x00000000b3700000, 0x00000000b3700000| Complete 
| 312|0x00000000b3800000, 0x00000000b3900000, 0x00000000b3900000|100%| E|CS|TAMS 0x00000000b3800000, 0x00000000b3800000| Complete 
| 313|0x00000000b3900000, 0x00000000b3a00000, 0x00000000b3a00000|100%| E|CS|TAMS 0x00000000b3900000, 0x00000000b3900000| Complete 
| 314|0x00000000b3a00000, 0x00000000b3b00000, 0x00000000b3b00000|100%| E|CS|TAMS 0x00000000b3a00000, 0x00000000b3a00000| Complete 
| 315|0x00000000b3b00000, 0x00000000b3c00000, 0x00000000b3c00000|100%| E|CS|TAMS 0x00000000b3b00000, 0x00000000b3b00000| Complete 
| 316|0x00000000b3c00000, 0x00000000b3d00000, 0x00000000b3d00000|100%| E|CS|TAMS 0x00000000b3c00000, 0x00000000b3c00000| Complete 
| 317|0x00000000b3d00000, 0x00000000b3e00000, 0x00000000b3e00000|100%| E|CS|TAMS 0x00000000b3d00000, 0x00000000b3d00000| Complete 
| 318|0x00000000b3e00000, 0x00000000b3f00000, 0x00000000b3f00000|100%| E|CS|TAMS 0x00000000b3e00000, 0x00000000b3e00000| Complete 
| 319|0x00000000b3f00000, 0x00000000b4000000, 0x00000000b4000000|100%| E|CS|TAMS 0x00000000b3f00000, 0x00000000b3f00000| Complete 
| 320|0x00000000b4000000, 0x00000000b4100000, 0x00000000b4100000|100%| E|CS|TAMS 0x00000000b4000000, 0x00000000b4000000| Complete 
| 321|0x00000000b4100000, 0x00000000b4200000, 0x00000000b4200000|100%| E|CS|TAMS 0x00000000b4100000, 0x00000000b4100000| Complete 
| 322|0x00000000b4200000, 0x00000000b4300000, 0x00000000b4300000|100%| E|CS|TAMS 0x00000000b4200000, 0x00000000b4200000| Complete 
| 323|0x00000000b4300000, 0x00000000b4400000, 0x00000000b4400000|100%| E|CS|TAMS 0x00000000b4300000, 0x00000000b4300000| Complete 
| 324|0x00000000b4400000, 0x00000000b4500000, 0x00000000b4500000|100%| E|CS|TAMS 0x00000000b4400000, 0x00000000b4400000| Complete 
| 325|0x00000000b4500000, 0x00000000b4600000, 0x00000000b4600000|100%| E|CS|TAMS 0x00000000b4500000, 0x00000000b4500000| Complete 
| 326|0x00000000b4600000, 0x00000000b4700000, 0x00000000b4700000|100%| E|CS|TAMS 0x00000000b4600000, 0x00000000b4600000| Complete 
| 327|0x00000000b4700000, 0x00000000b4800000, 0x00000000b4800000|100%| E|CS|TAMS 0x00000000b4700000, 0x00000000b4700000| Complete 
| 328|0x00000000b4800000, 0x00000000b4900000, 0x00000000b4900000|100%| E|CS|TAMS 0x00000000b4800000, 0x00000000b4800000| Complete 
| 329|0x00000000b4900000, 0x00000000b4a00000, 0x00000000b4a00000|100%| E|CS|TAMS 0x00000000b4900000, 0x00000000b4900000| Complete 
| 330|0x00000000b4a00000, 0x00000000b4b00000, 0x00000000b4b00000|100%| E|CS|TAMS 0x00000000b4a00000, 0x00000000b4a00000| Complete 
| 331|0x00000000b4b00000, 0x00000000b4c00000, 0x00000000b4c00000|100%| E|CS|TAMS 0x00000000b4b00000, 0x00000000b4b00000| Complete 
| 332|0x00000000b4c00000, 0x00000000b4d00000, 0x00000000b4d00000|100%| E|CS|TAMS 0x00000000b4c00000, 0x00000000b4c00000| Complete 
| 333|0x00000000b4d00000, 0x00000000b4e00000, 0x00000000b4e00000|100%| E|CS|TAMS 0x00000000b4d00000, 0x00000000b4d00000| Complete 
| 334|0x00000000b4e00000, 0x00000000b4f00000, 0x00000000b4f00000|100%| E|CS|TAMS 0x00000000b4e00000, 0x00000000b4e00000| Complete 
| 335|0x00000000b4f00000, 0x00000000b5000000, 0x00000000b5000000|100%| E|CS|TAMS 0x00000000b4f00000, 0x00000000b4f00000| Complete 
| 336|0x00000000b5000000, 0x00000000b5100000, 0x00000000b5100000|100%| E|CS|TAMS 0x00000000b5000000, 0x00000000b5000000| Complete 
| 337|0x00000000b5100000, 0x00000000b5200000, 0x00000000b5200000|100%| E|CS|TAMS 0x00000000b5100000, 0x00000000b5100000| Complete 
| 338|0x00000000b5200000, 0x00000000b5300000, 0x00000000b5300000|100%| E|CS|TAMS 0x00000000b5200000, 0x00000000b5200000| Complete 
| 339|0x00000000b5300000, 0x00000000b5400000, 0x00000000b5400000|100%| E|CS|TAMS 0x00000000b5300000, 0x00000000b5300000| Complete 
| 340|0x00000000b5400000, 0x00000000b5500000, 0x00000000b5500000|100%| E|CS|TAMS 0x00000000b5400000, 0x00000000b5400000| Complete 
| 341|0x00000000b5500000, 0x00000000b5600000, 0x00000000b5600000|100%| E|CS|TAMS 0x00000000b5500000, 0x00000000b5500000| Complete 
| 342|0x00000000b5600000, 0x00000000b5700000, 0x00000000b5700000|100%| E|CS|TAMS 0x00000000b5600000, 0x00000000b5600000| Complete 
| 343|0x00000000b5700000, 0x00000000b5800000, 0x00000000b5800000|100%| E|CS|TAMS 0x00000000b5700000, 0x00000000b5700000| Complete 
| 344|0x00000000b5800000, 0x00000000b5900000, 0x00000000b5900000|100%| E|CS|TAMS 0x00000000b5800000, 0x00000000b5800000| Complete 
| 345|0x00000000b5900000, 0x00000000b5a00000, 0x00000000b5a00000|100%| E|CS|TAMS 0x00000000b5900000, 0x00000000b5900000| Complete 
| 346|0x00000000b5a00000, 0x00000000b5b00000, 0x00000000b5b00000|100%| E|CS|TAMS 0x00000000b5a00000, 0x00000000b5a00000| Complete 
| 347|0x00000000b5b00000, 0x00000000b5c00000, 0x00000000b5c00000|100%| E|CS|TAMS 0x00000000b5b00000, 0x00000000b5b00000| Complete 
| 348|0x00000000b5c00000, 0x00000000b5d00000, 0x00000000b5d00000|100%| E|CS|TAMS 0x00000000b5c00000, 0x00000000b5c00000| Complete 
| 349|0x00000000b5d00000, 0x00000000b5e00000, 0x00000000b5e00000|100%| E|CS|TAMS 0x00000000b5d00000, 0x00000000b5d00000| Complete 
| 350|0x00000000b5e00000, 0x00000000b5f00000, 0x00000000b5f00000|100%| E|CS|TAMS 0x00000000b5e00000, 0x00000000b5e00000| Complete 
| 351|0x00000000b5f00000, 0x00000000b6000000, 0x00000000b6000000|100%| E|CS|TAMS 0x00000000b5f00000, 0x00000000b5f00000| Complete 
| 352|0x00000000b6000000, 0x00000000b6100000, 0x00000000b6100000|100%| E|CS|TAMS 0x00000000b6000000, 0x00000000b6000000| Complete 
| 353|0x00000000b6100000, 0x00000000b6200000, 0x00000000b6200000|100%| E|CS|TAMS 0x00000000b6100000, 0x00000000b6100000| Complete 
| 354|0x00000000b6200000, 0x00000000b6300000, 0x00000000b6300000|100%| E|CS|TAMS 0x00000000b6200000, 0x00000000b6200000| Complete 
| 355|0x00000000b6300000, 0x00000000b6400000, 0x00000000b6400000|100%| E|CS|TAMS 0x00000000b6300000, 0x00000000b6300000| Complete 
| 356|0x00000000b6400000, 0x00000000b6500000, 0x00000000b6500000|100%| E|CS|TAMS 0x00000000b6400000, 0x00000000b6400000| Complete 
| 357|0x00000000b6500000, 0x00000000b6600000, 0x00000000b6600000|100%| E|CS|TAMS 0x00000000b6500000, 0x00000000b6500000| Complete 
| 358|0x00000000b6600000, 0x00000000b6700000, 0x00000000b6700000|100%| E|CS|TAMS 0x00000000b6600000, 0x00000000b6600000| Complete 
| 359|0x00000000b6700000, 0x00000000b6800000, 0x00000000b6800000|100%| E|CS|TAMS 0x00000000b6700000, 0x00000000b6700000| Complete 
| 360|0x00000000b6800000, 0x00000000b6900000, 0x00000000b6900000|100%| E|CS|TAMS 0x00000000b6800000, 0x00000000b6800000| Complete 
| 361|0x00000000b6900000, 0x00000000b6a00000, 0x00000000b6a00000|100%| E|CS|TAMS 0x00000000b6900000, 0x00000000b6900000| Complete 
| 362|0x00000000b6a00000, 0x00000000b6b00000, 0x00000000b6b00000|100%| E|CS|TAMS 0x00000000b6a00000, 0x00000000b6a00000| Complete 
| 363|0x00000000b6b00000, 0x00000000b6c00000, 0x00000000b6c00000|100%| E|CS|TAMS 0x00000000b6b00000, 0x00000000b6b00000| Complete 

Card table byte_map: [0x00000261f1500000,0x00000261f1800000] _byte_map_base: 0x00000261f1000000

Marking Bits (Prev, Next): (CMBitMap*) 0x00000261de1cd310, (CMBitMap*) 0x00000261de1cd2d8
 Prev Bits: [0x00000261f3300000, 0x00000261f4b00000)
 Next Bits: [0x00000261f1b00000, 0x00000261f3300000)

Polling page: 0x00000261dbfd0000

Metaspace:

Usage:
  Non-class:     68.82 MB capacity,    67.51 MB ( 98%) used,     1.11 MB (  2%) free+waste,   199.31 KB ( <1%) overhead. 
      Class:     10.06 MB capacity,     9.38 MB ( 93%) used,   609.88 KB (  6%) free+waste,    90.12 KB ( <1%) overhead. 
       Both:     78.88 MB capacity,    76.89 MB ( 97%) used,     1.70 MB (  2%) free+waste,   289.44 KB ( <1%) overhead. 

Virtual space:
  Non-class space:       70.00 MB reserved,      68.84 MB ( 98%) committed 
      Class space:        1.00 GB reserved,      10.07 MB ( <1%) committed 
             Both:        1.07 GB reserved,      78.91 MB (  7%) committed 

Chunk freelists:
   Non-Class:  25.00 KB
       Class:  3.00 KB
        Both:  28.00 KB

MaxMetaspaceSize: 17179869184.00 GB
CompressedClassSpaceSize: 1.00 GB
Initial GC threshold: 20.80 MB
Current GC threshold: 99.02 MB
CDS: off

CodeHeap 'non-profiled nmethods': size=120000Kb used=6861Kb max_used=6861Kb free=113138Kb
 bounds [0x00000261e9780000, 0x00000261e9e40000, 0x00000261f0cb0000]
CodeHeap 'profiled nmethods': size=120000Kb used=22459Kb max_used=22459Kb free=97540Kb
 bounds [0x00000261e2250000, 0x00000261e3840000, 0x00000261e9780000]
CodeHeap 'non-nmethods': size=5760Kb used=2378Kb max_used=2436Kb free=3381Kb
 bounds [0x00000261e1cb0000, 0x00000261e1f20000, 0x00000261e2250000]
 total_blobs=11543 nmethods=10642 adapters=813
 compilation: enabled
              stopped_count=0, restarted_count=0
 full_count=0

Compilation events (20 events):
Event: 26.383 Thread 0x00000261f77ae800 nmethod 10030 0x00000261e9e29f90 code [0x00000261e9e2a120, 0x00000261e9e2a158]
Event: 26.383 Thread 0x00000261f77ae800 10027       4       groovyjarjarantlr4.v4.runtime.atn.ATNConfig::create (69 bytes)
Event: 26.389 Thread 0x00000261f77ae800 nmethod 10027 0x00000261e9e2a290 code [0x00000261e9e2a440, 0x00000261e9e2a958]
Event: 26.389 Thread 0x00000261f77ae800 10033       4       groovyjarjarantlr4.v4.runtime.atn.ATNConfig::<init> (42 bytes)
Event: 26.390 Thread 0x00000261f77ae800 nmethod 10033 0x00000261e9e2aa90 code [0x00000261e9e2ac20, 0x00000261e9e2ae18]
Event: 26.390 Thread 0x00000261f77ae800 8678       4       java.util.Spliterators$IteratorSpliterator::<init> (39 bytes)
Event: 26.392 Thread 0x00000261f77ae800 nmethod 8678 0x00000261e9e2ae90 code [0x00000261e9e2b020, 0x00000261e9e2b1b8]
Event: 26.392 Thread 0x00000261f77ae800 8023       4       org.objectweb.asm.ByteVector::encodeUtf8 (337 bytes)
Event: 26.408 Thread 0x00000261f77ae800 nmethod 8023 0x00000261e9e2b290 code [0x00000261e9e2b460, 0x00000261e9e2c338]
Event: 26.408 Thread 0x00000261f77ae800 7796       4       org.objectweb.asm.MethodVisitor::visitMaxs (17 bytes)
Event: 26.410 Thread 0x00000261f77ae800 nmethod 7796 0x00000261e9e2c790 code [0x00000261e9e2c980, 0x00000261e9e2cb80]
Event: 26.410 Thread 0x00000261f77ae800 7795       4       org.objectweb.asm.MethodVisitor::visitCode (15 bytes)
Event: 26.411 Thread 0x00000261f77ae800 nmethod 7795 0x00000261e9e2cd90 code [0x00000261e9e2cf40, 0x00000261e9e2d048]
Event: 26.411 Thread 0x00000261f77ae800 7776       4       org.objectweb.asm.ClassReader::createLabel (21 bytes)
Event: 26.413 Thread 0x00000261f77ae800 nmethod 7776 0x00000261e9e2d190 code [0x00000261e9e2d340, 0x00000261e9e2d4f8]
Event: 26.414 Thread 0x00000261f77ae800 10825       4       java.util.zip.ZipFile$Source::initCEN (697 bytes)
Event: 26.493 Thread 0x00000261f77ae800 nmethod 10825 0x00000261e9e2d690 code [0x00000261e9e2d980, 0x00000261e9e30820]
Event: 26.494 Thread 0x00000261f77ae800 10827       4       java.util.TimSort::binarySort (223 bytes)
Event: 26.506 Thread 0x00000261f77ae800 nmethod 10827 0x00000261e9e32190 code [0x00000261e9e32360, 0x00000261e9e32f78]
Event: 26.506 Thread 0x00000261f77ae800 10828   !   4       java.util.jar.Attributes::read (354 bytes)

GC Heap History (20 events):
Event: 23.780 GC heap before
{Heap before GC invocations=59 (full 0):
 garbage-first heap   total 270336K, used 222715K [0x00000000a0000000, 0x0000000100000000)
  region size 1024K, 146 young (149504K), 8 survivors (8192K)
 Metaspace       used 78672K, capacity 80758K, committed 80808K, reserved 1120256K
  class space    used 9598K, capacity 10300K, committed 10316K, reserved 1048576K
}
Event: 23.787 GC heap after
{Heap after GC invocations=60 (full 0):
 garbage-first heap   total 270336K, used 84184K [0x00000000a0000000, 0x0000000100000000)
  region size 1024K, 8 young (8192K), 8 survivors (8192K)
 Metaspace       used 78672K, capacity 80758K, committed 80808K, reserved 1120256K
  class space    used 9598K, capacity 10300K, committed 10316K, reserved 1048576K
}
Event: 23.963 GC heap before
{Heap before GC invocations=60 (full 0):
 garbage-first heap   total 270336K, used 227544K [0x00000000a0000000, 0x0000000100000000)
  region size 1024K, 148 young (151552K), 8 survivors (8192K)
 Metaspace       used 78674K, capacity 80758K, committed 80808K, reserved 1120256K
  class space    used 9598K, capacity 10300K, committed 10316K, reserved 1048576K
}
Event: 23.970 GC heap after
{Heap after GC invocations=61 (full 0):
 garbage-first heap   total 270336K, used 85465K [0x00000000a0000000, 0x0000000100000000)
  region size 1024K, 10 young (10240K), 10 survivors (10240K)
 Metaspace       used 78674K, capacity 80758K, committed 80808K, reserved 1120256K
  class space    used 9598K, capacity 10300K, committed 10316K, reserved 1048576K
}
Event: 24.179 GC heap before
{Heap before GC invocations=61 (full 0):
 garbage-first heap   total 270336K, used 226777K [0x00000000a0000000, 0x0000000100000000)
  region size 1024K, 149 young (152576K), 10 survivors (10240K)
 Metaspace       used 78679K, capacity 80758K, committed 80808K, reserved 1120256K
  class space    used 9598K, capacity 10300K, committed 10316K, reserved 1048576K
}
Event: 24.187 GC heap after
{Heap after GC invocations=62 (full 0):
 garbage-first heap   total 270336K, used 85484K [0x00000000a0000000, 0x0000000100000000)
  region size 1024K, 10 young (10240K), 10 survivors (10240K)
 Metaspace       used 78679K, capacity 80758K, committed 80808K, reserved 1120256K
  class space    used 9598K, capacity 10300K, committed 10316K, reserved 1048576K
}
Event: 24.308 GC heap before
{Heap before GC invocations=62 (full 0):
 garbage-first heap   total 270336K, used 228844K [0x00000000a0000000, 0x0000000100000000)
  region size 1024K, 150 young (153600K), 10 survivors (10240K)
 Metaspace       used 78680K, capacity 80758K, committed 80808K, reserved 1120256K
  class space    used 9598K, capacity 10300K, committed 10316K, reserved 1048576K
}
Event: 24.324 GC heap after
{Heap after GC invocations=63 (full 0):
 garbage-first heap   total 322560K, used 88972K [0x00000000a0000000, 0x0000000100000000)
  region size 1024K, 12 young (12288K), 12 survivors (12288K)
 Metaspace       used 78680K, capacity 80758K, committed 80808K, reserved 1120256K
  class space    used 9598K, capacity 10300K, committed 10316K, reserved 1048576K
}
Event: 24.458 GC heap before
{Heap before GC invocations=63 (full 0):
 garbage-first heap   total 322560K, used 261004K [0x00000000a0000000, 0x0000000100000000)
  region size 1024K, 181 young (185344K), 12 survivors (12288K)
 Metaspace       used 78684K, capacity 80758K, committed 80808K, reserved 1120256K
  class space    used 9598K, capacity 10300K, committed 10316K, reserved 1048576K
}
Event: 24.465 GC heap after
{Heap after GC invocations=64 (full 0):
 garbage-first heap   total 322560K, used 85738K [0x00000000a0000000, 0x0000000100000000)
  region size 1024K, 10 young (10240K), 10 survivors (10240K)
 Metaspace       used 78684K, capacity 80758K, committed 80808K, reserved 1120256K
  class space    used 9598K, capacity 10300K, committed 10316K, reserved 1048576K
}
Event: 24.586 GC heap before
{Heap before GC invocations=64 (full 0):
 garbage-first heap   total 322560K, used 268010K [0x00000000a0000000, 0x0000000100000000)
  region size 1024K, 190 young (194560K), 10 survivors (10240K)
 Metaspace       used 78690K, capacity 80758K, committed 80808K, reserved 1120256K
  class space    used 9598K, capacity 10300K, committed 10316K, reserved 1048576K
}
Event: 24.593 GC heap after
{Heap after GC invocations=65 (full 0):
 garbage-first heap   total 322560K, used 86010K [0x00000000a0000000, 0x0000000100000000)
  region size 1024K, 10 young (10240K), 10 survivors (10240K)
 Metaspace       used 78690K, capacity 80758K, committed 80808K, reserved 1120256K
  class space    used 9598K, capacity 10300K, committed 10316K, reserved 1048576K
}
Event: 24.797 GC heap before
{Heap before GC invocations=65 (full 0):
 garbage-first heap   total 322560K, used 269306K [0x00000000a0000000, 0x0000000100000000)
  region size 1024K, 190 young (194560K), 10 survivors (10240K)
 Metaspace       used 78690K, capacity 80758K, committed 80808K, reserved 1120256K
  class space    used 9598K, capacity 10300K, committed 10316K, reserved 1048576K
}
Event: 24.804 GC heap after
{Heap after GC invocations=66 (full 0):
 garbage-first heap   total 322560K, used 85852K [0x00000000a0000000, 0x0000000100000000)
  region size 1024K, 10 young (10240K), 10 survivors (10240K)
 Metaspace       used 78690K, capacity 80758K, committed 80808K, reserved 1120256K
  class space    used 9598K, capacity 10300K, committed 10316K, reserved 1048576K
}
Event: 24.987 GC heap before
{Heap before GC invocations=66 (full 0):
 garbage-first heap   total 322560K, used 268124K [0x00000000a0000000, 0x0000000100000000)
  region size 1024K, 189 young (193536K), 10 survivors (10240K)
 Metaspace       used 78690K, capacity 80758K, committed 80808K, reserved 1120256K
  class space    used 9598K, capacity 10300K, committed 10316K, reserved 1048576K
}
Event: 24.997 GC heap after
{Heap after GC invocations=67 (full 0):
 garbage-first heap   total 372736K, used 87216K [0x00000000a0000000, 0x0000000100000000)
  region size 1024K, 11 young (11264K), 11 survivors (11264K)
 Metaspace       used 78690K, capacity 80758K, committed 80808K, reserved 1120256K
  class space    used 9598K, capacity 10300K, committed 10316K, reserved 1048576K
}
Event: 25.300 GC heap before
{Heap before GC invocations=67 (full 0):
 garbage-first heap   total 372736K, used 299184K [0x00000000a0000000, 0x0000000100000000)
  region size 1024K, 218 young (223232K), 11 survivors (11264K)
 Metaspace       used 78693K, capacity 80760K, committed 80808K, reserved 1120256K
  class space    used 9598K, capacity 10300K, committed 10316K, reserved 1048576K
}
Event: 25.306 GC heap after
{Heap after GC invocations=68 (full 0):
 garbage-first heap   total 372736K, used 82319K [0x00000000a0000000, 0x0000000100000000)
  region size 1024K, 8 young (8192K), 8 survivors (8192K)
 Metaspace       used 78693K, capacity 80760K, committed 80808K, reserved 1120256K
  class space    used 9598K, capacity 10300K, committed 10316K, reserved 1048576K
}
Event: 26.228 GC heap before
{Heap before GC invocations=68 (full 0):
 garbage-first heap   total 372736K, used 298383K [0x00000000a0000000, 0x0000000100000000)
  region size 1024K, 218 young (223232K), 8 survivors (8192K)
 Metaspace       used 78734K, capacity 80768K, committed 80808K, reserved 1120256K
  class space    used 9601K, capacity 10301K, committed 10316K, reserved 1048576K
}
Event: 26.233 GC heap after
{Heap after GC invocations=69 (full 0):
 garbage-first heap   total 372736K, used 80516K [0x00000000a0000000, 0x0000000100000000)
  region size 1024K, 6 young (6144K), 6 survivors (6144K)
 Metaspace       used 78734K, capacity 80768K, committed 80808K, reserved 1120256K
  class space    used 9601K, capacity 10301K, committed 10316K, reserved 1048576K
}

Deoptimization events (20 events):
Event: 25.311 Thread 0x00000261fcfb3000 DEOPT PACKING pc=0x00000261e31e1276 sp=0x000000b4592fe500
Event: 25.311 Thread 0x00000261fcfb3000 DEOPT UNPACKING pc=0x00000261e1cfa95e sp=0x000000b4592fda20 mode 0
Event: 25.318 Thread 0x00000261fcfb3000 DEOPT PACKING pc=0x00000261e31e1276 sp=0x000000b4592fe500
Event: 25.318 Thread 0x00000261fcfb3000 DEOPT UNPACKING pc=0x00000261e1cfa95e sp=0x000000b4592fda20 mode 0
Event: 25.325 Thread 0x00000261fcfb3000 DEOPT PACKING pc=0x00000261e31e1276 sp=0x000000b4592fe500
Event: 25.325 Thread 0x00000261fcfb3000 DEOPT UNPACKING pc=0x00000261e1cfa95e sp=0x000000b4592fda20 mode 0
Event: 25.332 Thread 0x00000261fcfb3000 DEOPT PACKING pc=0x00000261e31e1276 sp=0x000000b4592fe500
Event: 25.332 Thread 0x00000261fcfb3000 DEOPT UNPACKING pc=0x00000261e1cfa95e sp=0x000000b4592fda20 mode 0
Event: 25.338 Thread 0x00000261fcfb3000 DEOPT PACKING pc=0x00000261e31e1276 sp=0x000000b4592fe500
Event: 25.338 Thread 0x00000261fcfb3000 DEOPT UNPACKING pc=0x00000261e1cfa95e sp=0x000000b4592fda20 mode 0
Event: 25.347 Thread 0x00000261fcfb3000 DEOPT PACKING pc=0x00000261e31e1276 sp=0x000000b4592fe500
Event: 25.347 Thread 0x00000261fcfb3000 DEOPT UNPACKING pc=0x00000261e1cfa95e sp=0x000000b4592fda20 mode 0
Event: 25.860 Thread 0x00000261f9a52800 DEOPT PACKING pc=0x00000261e3159684 sp=0x000000b455ef3be0
Event: 25.860 Thread 0x00000261f9a52800 DEOPT UNPACKING pc=0x00000261e1cfa95e sp=0x000000b455ef31b8 mode 0
Event: 26.168 Thread 0x00000261f9a52800 DEOPT PACKING pc=0x00000261e3159684 sp=0x000000b455ef3be0
Event: 26.168 Thread 0x00000261f9a52800 DEOPT UNPACKING pc=0x00000261e1cfa95e sp=0x000000b455ef31b8 mode 0
Event: 26.376 Thread 0x00000261f9a52800 DEOPT PACKING pc=0x00000261e33e5d28 sp=0x000000b455ef40d0
Event: 26.376 Thread 0x00000261f9a52800 DEOPT UNPACKING pc=0x00000261e1cfa95e sp=0x000000b455ef35c8 mode 0
Event: 26.411 Thread 0x00000261f9a52800 DEOPT PACKING pc=0x00000261e3159684 sp=0x000000b455ef3be0
Event: 26.411 Thread 0x00000261f9a52800 DEOPT UNPACKING pc=0x00000261e1cfa95e sp=0x000000b455ef31b8 mode 0

Classes redefined (0 events):
No events

Internal exceptions (20 events):
Event: 24.525 Thread 0x00000261fcfb1800 Exception <a 'sun/nio/fs/WindowsException'{0x00000000adda38c8}> (0x00000000adda38c8) thrown at [src/hotspot/share/prims/jni.cpp, line 617]
Event: 24.526 Thread 0x00000261fcfb1800 Exception <a 'sun/nio/fs/WindowsException'{0x00000000adda3a88}> (0x00000000adda3a88) thrown at [src/hotspot/share/prims/jni.cpp, line 617]
Event: 24.531 Thread 0x00000261fcfac800 Exception <a 'sun/nio/fs/WindowsException'{0x00000000ad4d68e8}> (0x00000000ad4d68e8) thrown at [src/hotspot/share/prims/jni.cpp, line 617]
Event: 24.533 Thread 0x00000261fcfac800 Exception <a 'sun/nio/fs/WindowsException'{0x00000000ad4d6aa0}> (0x00000000ad4d6aa0) thrown at [src/hotspot/share/prims/jni.cpp, line 617]
Event: 24.538 Thread 0x00000261fcfa6000 Exception <a 'sun/nio/fs/WindowsException'{0x00000000ac90dc78}> (0x00000000ac90dc78) thrown at [src/hotspot/share/prims/jni.cpp, line 617]
Event: 24.539 Thread 0x00000261fcfa6000 Exception <a 'sun/nio/fs/WindowsException'{0x00000000ac90de28}> (0x00000000ac90de28) thrown at [src/hotspot/share/prims/jni.cpp, line 617]
Event: 24.561 Thread 0x00000261fcfa8800 Exception <a 'sun/nio/fs/WindowsException'{0x00000000aaa830c8}> (0x00000000aaa830c8) thrown at [src/hotspot/share/prims/jni.cpp, line 617]
Event: 24.563 Thread 0x00000261fcfa8800 Exception <a 'sun/nio/fs/WindowsException'{0x00000000aaa83260}> (0x00000000aaa83260) thrown at [src/hotspot/share/prims/jni.cpp, line 617]
Event: 24.609 Thread 0x00000261fcfb4000 Exception <a 'sun/nio/fs/WindowsException'{0x00000000b2a21750}> (0x00000000b2a21750) thrown at [src/hotspot/share/prims/jni.cpp, line 617]
Event: 24.611 Thread 0x00000261fcfb4000 Exception <a 'sun/nio/fs/WindowsException'{0x00000000b2a21900}> (0x00000000b2a21900) thrown at [src/hotspot/share/prims/jni.cpp, line 617]
Event: 24.663 Thread 0x00000261fcfae000 Exception <a 'sun/nio/fs/WindowsException'{0x00000000af3608b8}> (0x00000000af3608b8) thrown at [src/hotspot/share/prims/jni.cpp, line 617]
Event: 24.664 Thread 0x00000261fcfae000 Exception <a 'sun/nio/fs/WindowsException'{0x00000000af360a58}> (0x00000000af360a58) thrown at [src/hotspot/share/prims/jni.cpp, line 617]
Event: 25.083 Thread 0x00000261fc71c800 Exception <a 'sun/nio/fs/WindowsException'{0x00000000b20c78c0}> (0x00000000b20c78c0) thrown at [src/hotspot/share/prims/jni.cpp, line 617]
Event: 25.084 Thread 0x00000261fc71c800 Exception <a 'sun/nio/fs/WindowsException'{0x00000000b20c7a40}> (0x00000000b20c7a40) thrown at [src/hotspot/share/prims/jni.cpp, line 617]
Event: 25.131 Thread 0x00000261fc723000 Exception <a 'sun/nio/fs/WindowsException'{0x00000000afd5d238}> (0x00000000afd5d238) thrown at [src/hotspot/share/prims/jni.cpp, line 617]
Event: 25.132 Thread 0x00000261fc723000 Exception <a 'sun/nio/fs/WindowsException'{0x00000000afd5d3b8}> (0x00000000afd5d3b8) thrown at [src/hotspot/share/prims/jni.cpp, line 617]
Event: 25.224 Thread 0x00000261fc722000 Exception <a 'sun/nio/fs/WindowsException'{0x00000000abea8138}> (0x00000000abea8138) thrown at [src/hotspot/share/prims/jni.cpp, line 617]
Event: 25.224 Thread 0x00000261fc722000 Exception <a 'sun/nio/fs/WindowsException'{0x00000000abea82b8}> (0x00000000abea82b8) thrown at [src/hotspot/share/prims/jni.cpp, line 617]
Event: 25.361 Thread 0x00000261fcfb3000 Exception <a 'sun/nio/fs/WindowsException'{0x00000000b548c740}> (0x00000000b548c740) thrown at [src/hotspot/share/prims/jni.cpp, line 617]
Event: 25.362 Thread 0x00000261fcfb3000 Exception <a 'sun/nio/fs/WindowsException'{0x00000000b548c8c8}> (0x00000000b548c8c8) thrown at [src/hotspot/share/prims/jni.cpp, line 617]

Events (20 events):
Event: 24.797 Executing VM operation: G1CollectForAllocation
Event: 24.804 Executing VM operation: G1CollectForAllocation done
Event: 24.987 Executing VM operation: G1CollectForAllocation
Event: 24.997 Executing VM operation: G1CollectForAllocation done
Event: 25.300 Executing VM operation: G1CollectForAllocation
Event: 25.306 Executing VM operation: G1CollectForAllocation done
Event: 25.794 loading class org/gradle/workers/internal/WorkerDaemonExpiration$SimpleMemoryExpirationSelector
Event: 25.794 loading class org/gradle/workers/internal/WorkerDaemonExpiration$SimpleMemoryExpirationSelector done
Event: 25.795 loading class org/gradle/workers/internal/WorkerDaemonClient
Event: 25.795 loading class org/gradle/workers/internal/WorkerDaemonClient done
Event: 25.795 loading class org/gradle/workers/internal/WorkerDaemonClient
Event: 25.795 loading class org/gradle/workers/internal/WorkerDaemonClient done
Event: 25.796 loading class org/gradle/process/internal/health/memory/JvmMemoryStatusSnapshot
Event: 25.796 loading class org/gradle/process/internal/health/memory/JvmMemoryStatusSnapshot done
Event: 25.796 Executing VM operation: RevokeBias
Event: 25.797 Executing VM operation: RevokeBias done
Event: 25.797 Executing VM operation: RevokeBias
Event: 25.797 Executing VM operation: RevokeBias done
Event: 26.228 Executing VM operation: G1CollectForAllocation
Event: 26.233 Executing VM operation: G1CollectForAllocation done


Dynamic libraries:
0x00007ff63f6b0000 - 0x00007ff63f6ba000 	C:\Program Files\Android\Android Studio\jbr\bin\java.exe
0x00007ffedd710000 - 0x00007ffedd924000 	C:\WINDOWS\SYSTEM32\ntdll.dll
0x00007ffedbbc0000 - 0x00007ffedbc84000 	C:\WINDOWS\System32\KERNEL32.DLL
0x00007ffedae50000 - 0x00007ffedb1f4000 	C:\WINDOWS\System32\KERNELBASE.dll
0x00007ffedab20000 - 0x00007ffedac31000 	C:\WINDOWS\System32\ucrtbase.dll
0x00007ffebf150000 - 0x00007ffebf16b000 	C:\Program Files\Android\Android Studio\jbr\bin\VCRUNTIME140.dll
0x00007ffec8f90000 - 0x00007ffec8fa7000 	C:\Program Files\Android\Android Studio\jbr\bin\jli.dll
0x00007ffedb500000 - 0x00007ffedb6aa000 	C:\WINDOWS\System32\USER32.dll
0x00007ffec0950000 - 0x00007ffec0bdf000 	C:\WINDOWS\WinSxS\amd64_microsoft.windows.common-controls_6595b64144ccf1df_6.0.22621.2070_none_2713e6537381f706\COMCTL32.dll
0x00007ffedaaf0000 - 0x00007ffedab16000 	C:\WINDOWS\System32\win32u.dll
0x00007ffedb4d0000 - 0x00007ffedb4f9000 	C:\WINDOWS\System32\GDI32.dll
0x00007ffedbfc0000 - 0x00007ffedc067000 	C:\WINDOWS\System32\msvcrt.dll
0x00007ffedacb0000 - 0x00007ffedadc9000 	C:\WINDOWS\System32\gdi32full.dll
0x00007ffedb200000 - 0x00007ffedb29a000 	C:\WINDOWS\System32\msvcp_win.dll
0x00007ffedbb80000 - 0x00007ffedbbb1000 	C:\WINDOWS\System32\IMM32.DLL
0x00007ffed6550000 - 0x00007ffed655c000 	C:\Program Files\Android\Android Studio\jbr\bin\vcruntime140_1.dll
0x00007ffeb46b0000 - 0x00007ffeb473d000 	C:\Program Files\Android\Android Studio\jbr\bin\msvcp140.dll
0x00007ffe8a910000 - 0x00007ffe8b4cc000 	C:\Program Files\Android\Android Studio\jbr\bin\server\jvm.dll
0x00007ffedc320000 - 0x00007ffedc3d0000 	C:\WINDOWS\System32\ADVAPI32.dll
0x00007ffedb720000 - 0x00007ffedb7c6000 	C:\WINDOWS\System32\sechost.dll
0x00007ffedc9e0000 - 0x00007ffedcaf7000 	C:\WINDOWS\System32\RPCRT4.dll
0x00007ffedc310000 - 0x00007ffedc318000 	C:\WINDOWS\System32\PSAPI.DLL
0x00007ffec1830000 - 0x00007ffec1839000 	C:\WINDOWS\SYSTEM32\WSOCK32.dll
0x00007ffedc960000 - 0x00007ffedc9d1000 	C:\WINDOWS\System32\WS2_32.dll
0x00007ffed3710000 - 0x00007ffed371a000 	C:\WINDOWS\SYSTEM32\VERSION.dll
0x00007ffed4180000 - 0x00007ffed41b4000 	C:\WINDOWS\SYSTEM32\WINMM.dll
0x00007ffed9bd0000 - 0x00007ffed9be8000 	C:\WINDOWS\SYSTEM32\kernel.appcore.dll
0x00007ffed6530000 - 0x00007ffed6540000 	C:\Program Files\Android\Android Studio\jbr\bin\verify.dll
0x00007ffecaea0000 - 0x00007ffecb0ce000 	C:\WINDOWS\SYSTEM32\DBGHELP.DLL
0x00007ffedb7f0000 - 0x00007ffedbb7a000 	C:\WINDOWS\System32\combase.dll
0x00007ffedc070000 - 0x00007ffedc147000 	C:\WINDOWS\System32\OLEAUT32.dll
0x00007ffec95e0000 - 0x00007ffec9612000 	C:\WINDOWS\SYSTEM32\dbgcore.DLL
0x00007ffedadd0000 - 0x00007ffedae4a000 	C:\WINDOWS\System32\bcryptPrimitives.dll
0x00007ffed5220000 - 0x00007ffed5248000 	C:\Program Files\Android\Android Studio\jbr\bin\java.dll
0x00007ffed6520000 - 0x00007ffed652a000 	C:\Program Files\Android\Android Studio\jbr\bin\jimage.dll
0x00007ffed5140000 - 0x00007ffed5158000 	C:\Program Files\Android\Android Studio\jbr\bin\zip.dll
0x00007ffedcc70000 - 0x00007ffedd486000 	C:\WINDOWS\System32\SHELL32.dll
0x00007ffed8ac0000 - 0x00007ffed93aa000 	C:\WINDOWS\SYSTEM32\windows.storage.dll
0x00007ffed8980000 - 0x00007ffed8abe000 	C:\WINDOWS\SYSTEM32\wintypes.dll
0x00007ffedbc90000 - 0x00007ffedbd83000 	C:\WINDOWS\System32\SHCORE.dll
0x00007ffedb6b0000 - 0x00007ffedb70e000 	C:\WINDOWS\System32\shlwapi.dll
0x00007ffedaa20000 - 0x00007ffedaa46000 	C:\WINDOWS\SYSTEM32\profapi.dll
0x00007ffed4e70000 - 0x00007ffed4e89000 	C:\Program Files\Android\Android Studio\jbr\bin\net.dll
0x00007ffed48e0000 - 0x00007ffed4a17000 	C:\WINDOWS\SYSTEM32\WINHTTP.dll
0x00007ffeda0a0000 - 0x00007ffeda109000 	C:\WINDOWS\system32\mswsock.dll
0x00007ffed4ce0000 - 0x00007ffed4cf3000 	C:\Program Files\Android\Android Studio\jbr\bin\nio.dll
0x00007ffeb4630000 - 0x00007ffeb4657000 	C:\Users\HP\.gradle\native\8bec1ad78214c89d9ad589b4d07fe93259594b29d510b10fafb7a158f7737e5d\windows-amd64\native-platform.dll
0x00007ffe93ea0000 - 0x00007ffe93fdd000 	C:\Users\HP\.gradle\native\53dbd7edfb1c66fb8903c78663c9afc45aea4f116125fa6feffd364cf09443e8\windows-amd64\native-platform-file-events.dll
0x00007ffed50d0000 - 0x00007ffed50da000 	C:\Program Files\Android\Android Studio\jbr\bin\management.dll
0x00007ffed4cd0000 - 0x00007ffed4cdb000 	C:\Program Files\Android\Android Studio\jbr\bin\management_ext.dll
0x00007ffeda2f0000 - 0x00007ffeda30b000 	C:\WINDOWS\SYSTEM32\CRYPTSP.dll
0x00007ffed9b90000 - 0x00007ffed9bc5000 	C:\WINDOWS\system32\rsaenh.dll
0x00007ffeda190000 - 0x00007ffeda1bc000 	C:\WINDOWS\SYSTEM32\USERENV.dll
0x00007ffeda4b0000 - 0x00007ffeda4d8000 	C:\WINDOWS\SYSTEM32\bcrypt.dll
0x00007ffeda310000 - 0x00007ffeda31c000 	C:\WINDOWS\SYSTEM32\CRYPTBASE.dll
0x00007ffed9690000 - 0x00007ffed96bd000 	C:\WINDOWS\SYSTEM32\IPHLPAPI.DLL
0x00007ffedc150000 - 0x00007ffedc159000 	C:\WINDOWS\System32\NSI.dll
0x00007ffed4650000 - 0x00007ffed4669000 	C:\WINDOWS\SYSTEM32\dhcpcsvc6.DLL
0x00007ffed4630000 - 0x00007ffed464f000 	C:\WINDOWS\SYSTEM32\dhcpcsvc.DLL
0x00007ffed9700000 - 0x00007ffed97f3000 	C:\WINDOWS\SYSTEM32\DNSAPI.dll
0x00007ffeb45b0000 - 0x00007ffeb45d7000 	C:\Program Files\Android\Android Studio\jbr\bin\sunec.dll
0x00007ffecebf0000 - 0x00007ffecebfa000 	C:\Windows\System32\rasadhlp.dll
0x00007ffed35f0000 - 0x00007ffed3674000 	C:\WINDOWS\System32\fwpuclnt.dll

dbghelp: loaded successfully - version: 4.0.5 - missing functions: none
symbol engine: initialized successfully - sym options: 0x614 - pdb path: .;C:\Program Files\Android\Android Studio\jbr\bin;C:\WINDOWS\SYSTEM32;C:\WINDOWS\WinSxS\amd64_microsoft.windows.common-controls_6595b64144ccf1df_6.0.22621.2070_none_2713e6537381f706;C:\Program Files\Android\Android Studio\jbr\bin\server;C:\Users\HP\.gradle\native\8bec1ad78214c89d9ad589b4d07fe93259594b29d510b10fafb7a158f7737e5d\windows-amd64;C:\Users\HP\.gradle\native\53dbd7edfb1c66fb8903c78663c9afc45aea4f116125fa6feffd364cf09443e8\windows-amd64

VM Arguments:
jvm_args: --add-opens=java.base/java.util=ALL-UNNAMED --add-opens=java.base/java.lang=ALL-UNNAMED --add-opens=java.base/java.lang.invoke=ALL-UNNAMED --add-opens=java.base/java.util=ALL-UNNAMED --add-opens=java.prefs/java.util.prefs=ALL-UNNAMED --add-opens=java.prefs/java.util.prefs=ALL-UNNAMED --add-opens=java.base/java.nio.charset=ALL-UNNAMED --add-opens=java.base/java.net=ALL-UNNAMED --add-opens=java.base/java.util.concurrent.atomic=ALL-UNNAMED -Xmx1536M -Dfile.encoding=windows-1252 -Duser.country=IN -Duser.language=en -Duser.variant 
java_command: org.gradle.launcher.daemon.bootstrap.GradleDaemon 7.0.2
java_class_path (initial): C:\Users\HP\.gradle\wrapper\dists\gradle-7.0.2-all\7era6s5ay7zsbhuvl0oc9g94s\gradle-7.0.2\lib\gradle-launcher-7.0.2.jar
Launcher Type: SUN_STANDARD

[Global flags]
     intx CICompilerCount                          = 4                                         {product} {ergonomic}
     uint ConcGCThreads                            = 3                                         {product} {ergonomic}
     uint G1ConcRefinementThreads                  = 10                                        {product} {ergonomic}
   size_t G1HeapRegionSize                         = 1048576                                   {product} {ergonomic}
    uintx GCDrainStackTargetSize                   = 64                                        {product} {ergonomic}
   size_t InitialHeapSize                          = 123731968                                 {product} {ergonomic}
   size_t MarkStackSize                            = 4194304                                   {product} {ergonomic}
   size_t MaxHeapSize                              = 1610612736                                {product} {command line}
   size_t MaxNewSize                               = 965738496                                 {product} {ergonomic}
   size_t MinHeapDeltaBytes                        = 1048576                                   {product} {ergonomic}
    uintx NonNMethodCodeHeapSize                   = 5836300                                {pd product} {ergonomic}
    uintx NonProfiledCodeHeapSize                  = 122910970                              {pd product} {ergonomic}
    uintx ProfiledCodeHeapSize                     = 122910970                              {pd product} {ergonomic}
    uintx ReservedCodeCacheSize                    = 251658240                              {pd product} {ergonomic}
     bool SegmentedCodeCache                       = true                                      {product} {ergonomic}
     bool UseCompressedClassPointers               = true                                 {lp64_product} {ergonomic}
     bool UseCompressedOops                        = true                                 {lp64_product} {ergonomic}
     bool UseG1GC                                  = true                                      {product} {ergonomic}
     bool UseLargePagesIndividualAllocation        = false                                  {pd product} {ergonomic}

Logging:
Log output configuration:
 #0: stdout all=warning uptime,level,tags
 #1: stderr all=off uptime,level,tags

Environment Variables:
JAVA_HOME=C:\Program Files\Android\Android Studio\jbr
CLASSPATH=G:\Clima-Flutter-Completed\android\\gradle\wrapper\gradle-wrapper.jar
PATH=C:\oraclexe\app\oracle\product\11.2.0\server\bin;C:\Program Files (x86)\Common Files\Oracle\Java\javapath;C:\Program Files\Java\jdk-17.0.1\bin;C:\Program Files (x86)\Common Files\Intel\Shared Libraries\redist\intel64\compiler;C:\windows\system32;C:\windows;C:\windows\System32\Wbem;C:\windows\System32\WindowsPowerShell\v1.0\;C:\windows\System32\OpenSSH\;C:\Program Files (x86)\NVIDIA Corporation\PhysX\Common;C:\Program Files\NVIDIA Corporation\NVIDIA NvDLISR;C:\MinGW\bin;C:\Program Files\Java\jdk1.8.0_333\bin;C:\Program Files\Java\jre1.8.0_333\bin;C:\Program Files\Git\cmd;C:\WINDOWS\system32;C:\WINDOWS;C:\WINDOWS\System32\Wbem;C:\WINDOWS\System32\WindowsPowerShell\v1.0\;C:\WINDOWS\System32\OpenSSH\;C:\Program Files\Java\jdk-19\bin;C:\flutter\bin\cache\dartsdk-windows-x64-release - 1\dart-sdk\bin;C:\Program Files\MySQL\MySQL Shell 8.0\bin\;C:\Users\HP\AppData\Local\Programs\Python\Python310\Scripts\;C:\Users\HP\AppData\Local\Programs\Python\Python310\;C:\Users\HP\AppData\Local\Microsoft\WindowsApps;C:\Users\HP\AppData\Local\Programs\Microsoft VS Code\bin;C:\MinGW\bin;D:\;C:\flutter\bin;C:\Program Files\Java\jdk-19\bin;;C:\flutter\bin\mingit\cmd
USERNAME=HP
OS=Windows_NT
PROCESSOR_IDENTIFIER=AMD64 Family 23 Model 96 Stepping 1, AuthenticAMD



---------------  S Y S T E M  ---------------

OS: Windows 11 , 64 bit Build 22621 (10.0.22621.2070)
OS uptime: 0 days 14:42 hours

CPU:total 12 (initial active 12) (12 cores per cpu, 2 threads per core) family 23 model 96 stepping 1 microcode 0x0, cmov, cx8, fxsr, mmx, sse, sse2, sse3, ssse3, sse4.1, sse4.2, popcnt, avx, avx2, aes, clmul, mmxext, 3dnowpref, lzcnt, sse4a, ht, tsc, tscinvbit, tscinv, bmi1, bmi2, adx, sha, fma

Memory: 4k page, system-wide physical 7541M (293M free)
TotalPageFile size 20341M (AvailPageFile size 0M)
current process WorkingSet (physical memory assigned to process): 552M, peak: 567M
current process commit charge ("private bytes"): 647M, peak: 657M

vm_info: OpenJDK 64-Bit Server VM (11.0.15+0-b2043.56-9505619) for windows-amd64 JRE (11.0.15+0-b2043.56-9505619), built on Jan 19 2023 02:48:00 by "builduser" with unknown MS VC++:1929

END.
